<?xml version="1.0" encoding="UTF-8"?>
<!-- Generated by org.testng.reporters.JUnitXMLReporter -->
<testsuite ignored="14" hostname="Kamals-MacBook-Pro.local" failures="4" tests="8" name="Test" time="479.383" errors="0" timestamp="2022-08-22T14:17:50 IST">
  <testcase classname="Memberse.AndroidAutomation.aSmokeTest" name="aSmokeTestCase" time="19.608"/>
  <testcase classname="Memberse.AndroidAutomation.aEmailFormValidationTest" name="aEmailFormValidationTestCase" time="20.94"/>
  <testcase classname="Memberse.AndroidAutomation.aLoginWithEmailTest" name="LoginTestCasewithEmail" time="29.662"/>
  <testcase classname="Memberse.AndroidAutomation.aLoginWithGoogleTest" name="aLoginWithGoogleTestCase" time="46.335">
    <failure type="org.openqa.selenium.NoSuchElementException" message="An element could not be located on the page using the given search parameters. (WARNING: The server did not provide any stacktrace information)
Command duration or timeout: 0 milliseconds
For documentation on this error, please visit: https://www.seleniumhq.org/exceptions/no_such_element.html
Build info: version: &amp;apos;3.141.59&amp;apos;, revision: &amp;apos;e82be7d358&amp;apos;, time: &amp;apos;2018-11-14T08:17:03&amp;apos;
System info: host: &amp;apos;Kamals-MacBook-Pro.local&amp;apos;, ip: &amp;apos;fe80:0:0:0:1c2d:256b:9029:479e%en0&amp;apos;, os.name: &amp;apos;Mac OS X&amp;apos;, os.arch: &amp;apos;x86_64&amp;apos;, os.version: &amp;apos;10.16&amp;apos;, java.version: &amp;apos;15.0.1&amp;apos;
Driver info: io.appium.java_client.android.AndroidDriver
Capabilities {64bit: false, acceptSslCert: false, acceptSslCerts: false, adbExecTimeout: 120000, appActivity: dog.fa.so.app.MainActivity, appPackage: dog.fa.so.app.dev, automationName: uiautomator2, browserstack.appium_version: 1.17.0, browserstack.is_hub_canary: false, browserstack.minOSVersion: 7.0, bundleID: dog.fa.so.app.dev, bundleId: dog.fa.so.app.dev, capabilities: {64bit: false, acceptSslCert: false, acceptSslCerts: false, adbExecTimeout: 120000, appActivity: dog.fa.so.app.MainActivity, appPackage: dog.fa.so.app.dev, automationName: uiautomator2, browserstack.appium_version: 1.17.0, browserstack.is_hub_canary: false, browserstack.minOSVersion: 7.0, bundleID: dog.fa.so.app.dev, bundleId: dog.fa.so.app.dev, chromeOptions: {w3c: false}, chromedriverPort: 18082, chromedriverPorts: [[18122, 18132]], custom_id: SoFaDogAndroidAppQA, databaseEnabled: false, desired: {64bit: false, acceptSslCert: false, acceptSslCerts: false, adbExecTimeout: 120000, appActivity: dog.fa.so.app.MainActivity, appPackage: dog.fa.so.app.dev, automationName: uiautomator2, browserstack.appium_version: 1.17.0, browserstack.is_hub_canary: false, browserstack.minOSVersion: 7.0, bundleID: dog.fa.so.app.dev, bundleId: dog.fa.so.app.dev, chromeOptions: {w3c: false}, chromedriverPort: 18082, chromedriverPorts: [[18122, 18132]], custom_id: SoFaDogAndroidAppQA, detected_language: selenium/3.141.59 (java mac), device: google pixel 3 xl, deviceName: Android, disableSuppressAccessibilityService: true, enablePerformanceLogging: false, mobile: {browser: mobile, version: Google Pixel 3 XL-9.0}, nativeWebScreenshot: true, newCommandTimeout: 0, new_bucketing: true, orig_os: android, osVersion: 9.0, os_version: 9.0, platform: ANDROID, platformName: Android, realMobile: true, skipServerInstallation: true, systemPort: 8202, udid: 89LY088FU, uiautomator2ServerLaunchTimeout: 60000, version: }, detected_language: selenium/3.141.59 (java mac), device: google pixel 3 xl, deviceApiLevel: 28, deviceManufacturer: Google, deviceModel: Pixel 3 XL, deviceName: 89LY088FU, deviceScreenDensity: 560, deviceScreenSize: 1440x2960, deviceUDID: 89LY088FU, disableSuppressAccessibilityService: true, enablePerformanceLogging: false, javascriptEnabled: true, locationContextEnabled: false, mobile: {browser: mobile, version: Google Pixel 3 XL-9.0}, nativeWebScreenshot: true, networkConnectionEnabled: true, newCommandTimeout: 0, new_bucketing: true, orig_os: android, osVersion: 9.0, os_version: 9.0, pixelRatio: 3.5, platform: ANDROID, platformName: Android, platformVersion: 9, realMobile: true, sessionId: b66061a0e07404fec3004d844a4..., skipServerInstallation: true, statBarHeight: 171, systemPort: 8202, takesScreenshot: true, udid: 89LY088FU, uiautomator2ServerLaunchTimeout: 60000, version: , viewportRect: {height: 2450, left: 0, top: 171, width: 1440}, warnings: {}, webStorageEnabled: false}, chromeOptions: {w3c: false}, chromedriverPort: 18082, chromedriverPorts: [[18122, 18132]], custom_id: SoFaDogAndroidAppQA, databaseEnabled: false, detected_language: selenium/3.141.59 (java mac), device: google pixel 3 xl, deviceApiLevel: 28, deviceManufacturer: Google, deviceModel: Pixel 3 XL, deviceName: 89LY088FU, deviceScreenDensity: 560, deviceScreenSize: 1440x2960, deviceUDID: 89LY088FU, disableSuppressAccessibilityService: true, enablePerformanceLogging: false, javascriptEnabled: true, locationContextEnabled: false, mobile: {browser: mobile, version: Google Pixel 3 XL-9.0}, nativeWebScreenshot: true, networkConnectionEnabled: true, newCommandTimeout: 0, new_bucketing: true, orig_os: android, osVersion: 9.0, os_version: 9.0, pixelRatio: 3.5, platform: ANDROID, platformName: Android, platformVersion: 9, realMobile: true, sessionId: b66061a0e07404fec3004d844a4..., skipServerInstallation: true, statBarHeight: 171, systemPort: 8202, takesScreenshot: true, udid: 89LY088FU, uiautomator2ServerLaunchTimeout: 60000, version: , viewportRect: {height: 2450, left: 0, top: 171, width: 1440}, warnings: {}, webStorageEnabled: false}
Session ID: b66061a0e07404fec3004d844a48bf79cbe36ff9
*** Element info: {Using=xpath, value=//android.widget.Button[@text=&amp;apos;Next&amp;apos;]}">
      <![CDATA[org.openqa.selenium.NoSuchElementException: An element could not be located on the page using the given search parameters. (WARNING: The server did not provide any stacktrace information)
Command duration or timeout: 0 milliseconds
For documentation on this error, please visit: https://www.seleniumhq.org/exceptions/no_such_element.html
Build info: version: '3.141.59', revision: 'e82be7d358', time: '2018-11-14T08:17:03'
System info: host: 'Kamals-MacBook-Pro.local', ip: 'fe80:0:0:0:1c2d:256b:9029:479e%en0', os.name: 'Mac OS X', os.arch: 'x86_64', os.version: '10.16', java.version: '15.0.1'
Driver info: io.appium.java_client.android.AndroidDriver
Capabilities {64bit: false, acceptSslCert: false, acceptSslCerts: false, adbExecTimeout: 120000, appActivity: dog.fa.so.app.MainActivity, appPackage: dog.fa.so.app.dev, automationName: uiautomator2, browserstack.appium_version: 1.17.0, browserstack.is_hub_canary: false, browserstack.minOSVersion: 7.0, bundleID: dog.fa.so.app.dev, bundleId: dog.fa.so.app.dev, capabilities: {64bit: false, acceptSslCert: false, acceptSslCerts: false, adbExecTimeout: 120000, appActivity: dog.fa.so.app.MainActivity, appPackage: dog.fa.so.app.dev, automationName: uiautomator2, browserstack.appium_version: 1.17.0, browserstack.is_hub_canary: false, browserstack.minOSVersion: 7.0, bundleID: dog.fa.so.app.dev, bundleId: dog.fa.so.app.dev, chromeOptions: {w3c: false}, chromedriverPort: 18082, chromedriverPorts: [[18122, 18132]], custom_id: SoFaDogAndroidAppQA, databaseEnabled: false, desired: {64bit: false, acceptSslCert: false, acceptSslCerts: false, adbExecTimeout: 120000, appActivity: dog.fa.so.app.MainActivity, appPackage: dog.fa.so.app.dev, automationName: uiautomator2, browserstack.appium_version: 1.17.0, browserstack.is_hub_canary: false, browserstack.minOSVersion: 7.0, bundleID: dog.fa.so.app.dev, bundleId: dog.fa.so.app.dev, chromeOptions: {w3c: false}, chromedriverPort: 18082, chromedriverPorts: [[18122, 18132]], custom_id: SoFaDogAndroidAppQA, detected_language: selenium/3.141.59 (java mac), device: google pixel 3 xl, deviceName: Android, disableSuppressAccessibilityService: true, enablePerformanceLogging: false, mobile: {browser: mobile, version: Google Pixel 3 XL-9.0}, nativeWebScreenshot: true, newCommandTimeout: 0, new_bucketing: true, orig_os: android, osVersion: 9.0, os_version: 9.0, platform: ANDROID, platformName: Android, realMobile: true, skipServerInstallation: true, systemPort: 8202, udid: 89LY088FU, uiautomator2ServerLaunchTimeout: 60000, version: }, detected_language: selenium/3.141.59 (java mac), device: google pixel 3 xl, deviceApiLevel: 28, deviceManufacturer: Google, deviceModel: Pixel 3 XL, deviceName: 89LY088FU, deviceScreenDensity: 560, deviceScreenSize: 1440x2960, deviceUDID: 89LY088FU, disableSuppressAccessibilityService: true, enablePerformanceLogging: false, javascriptEnabled: true, locationContextEnabled: false, mobile: {browser: mobile, version: Google Pixel 3 XL-9.0}, nativeWebScreenshot: true, networkConnectionEnabled: true, newCommandTimeout: 0, new_bucketing: true, orig_os: android, osVersion: 9.0, os_version: 9.0, pixelRatio: 3.5, platform: ANDROID, platformName: Android, platformVersion: 9, realMobile: true, sessionId: b66061a0e07404fec3004d844a4..., skipServerInstallation: true, statBarHeight: 171, systemPort: 8202, takesScreenshot: true, udid: 89LY088FU, uiautomator2ServerLaunchTimeout: 60000, version: , viewportRect: {height: 2450, left: 0, top: 171, width: 1440}, warnings: {}, webStorageEnabled: false}, chromeOptions: {w3c: false}, chromedriverPort: 18082, chromedriverPorts: [[18122, 18132]], custom_id: SoFaDogAndroidAppQA, databaseEnabled: false, detected_language: selenium/3.141.59 (java mac), device: google pixel 3 xl, deviceApiLevel: 28, deviceManufacturer: Google, deviceModel: Pixel 3 XL, deviceName: 89LY088FU, deviceScreenDensity: 560, deviceScreenSize: 1440x2960, deviceUDID: 89LY088FU, disableSuppressAccessibilityService: true, enablePerformanceLogging: false, javascriptEnabled: true, locationContextEnabled: false, mobile: {browser: mobile, version: Google Pixel 3 XL-9.0}, nativeWebScreenshot: true, networkConnectionEnabled: true, newCommandTimeout: 0, new_bucketing: true, orig_os: android, osVersion: 9.0, os_version: 9.0, pixelRatio: 3.5, platform: ANDROID, platformName: Android, platformVersion: 9, realMobile: true, sessionId: b66061a0e07404fec3004d844a4..., skipServerInstallation: true, statBarHeight: 171, systemPort: 8202, takesScreenshot: true, udid: 89LY088FU, uiautomator2ServerLaunchTimeout: 60000, version: , viewportRect: {height: 2450, left: 0, top: 171, width: 1440}, warnings: {}, webStorageEnabled: false}
Session ID: b66061a0e07404fec3004d844a48bf79cbe36ff9
*** Element info: {Using=xpath, value=//android.widget.Button[@text='Next']}
at org.openqa.selenium.remote.ErrorHandler.createThrowable(ErrorHandler.java:214)
at org.openqa.selenium.remote.ErrorHandler.throwIfResponseFailed(ErrorHandler.java:166)
at org.openqa.selenium.remote.http.JsonHttpResponseCodec.reconstructValue(JsonHttpResponseCodec.java:40)
at org.openqa.selenium.remote.http.AbstractHttpResponseCodec.decode(AbstractHttpResponseCodec.java:80)
at org.openqa.selenium.remote.http.AbstractHttpResponseCodec.decode(AbstractHttpResponseCodec.java:44)
at org.openqa.selenium.remote.HttpCommandExecutor.execute(HttpCommandExecutor.java:158)
at io.appium.java_client.remote.AppiumCommandExecutor.execute(AppiumCommandExecutor.java:239)
at org.openqa.selenium.remote.RemoteWebDriver.execute(RemoteWebDriver.java:552)
at io.appium.java_client.DefaultGenericMobileDriver.execute(DefaultGenericMobileDriver.java:41)
at io.appium.java_client.AppiumDriver.execute(AppiumDriver.java:1)
at io.appium.java_client.android.AndroidDriver.execute(AndroidDriver.java:1)
at org.openqa.selenium.remote.RemoteWebDriver.findElement(RemoteWebDriver.java:323)
at io.appium.java_client.DefaultGenericMobileDriver.findElement(DefaultGenericMobileDriver.java:61)
at io.appium.java_client.AppiumDriver.findElement(AppiumDriver.java:1)
at io.appium.java_client.android.AndroidDriver.findElement(AndroidDriver.java:1)
at org.openqa.selenium.remote.RemoteWebDriver.findElementByXPath(RemoteWebDriver.java:428)
at io.appium.java_client.DefaultGenericMobileDriver.findElementByXPath(DefaultGenericMobileDriver.java:151)
at io.appium.java_client.AppiumDriver.findElementByXPath(AppiumDriver.java:1)
at io.appium.java_client.android.AndroidDriver.findElementByXPath(AndroidDriver.java:1)
at Memberse.AndroidAutomation.aLoginWithGoogleTest.aLoginWithGoogleTestCase(aLoginWithGoogleTest.java:21)
at java.base/java.util.ArrayList.forEach(ArrayList.java:1511)
... Removed 32 stack frames]]>
    </failure>
  </testcase> <!-- aLoginWithGoogleTestCase -->
  <testcase classname="Memberse.AndroidAutomation.aLoginWithFacebookTest" name="iLoginWithFacebookTestCase" time="27.145">
    <failure type="org.openqa.selenium.NoSuchElementException" message="An element could not be located on the page using the given search parameters. (WARNING: The server did not provide any stacktrace information)
Command duration or timeout: 0 milliseconds
For documentation on this error, please visit: https://www.seleniumhq.org/exceptions/no_such_element.html
Build info: version: &amp;apos;3.141.59&amp;apos;, revision: &amp;apos;e82be7d358&amp;apos;, time: &amp;apos;2018-11-14T08:17:03&amp;apos;
System info: host: &amp;apos;Kamals-MacBook-Pro.local&amp;apos;, ip: &amp;apos;fe80:0:0:0:1c2d:256b:9029:479e%en0&amp;apos;, os.name: &amp;apos;Mac OS X&amp;apos;, os.arch: &amp;apos;x86_64&amp;apos;, os.version: &amp;apos;10.16&amp;apos;, java.version: &amp;apos;15.0.1&amp;apos;
Driver info: io.appium.java_client.android.AndroidDriver
Capabilities {64bit: false, acceptSslCert: false, acceptSslCerts: false, adbExecTimeout: 120000, appActivity: dog.fa.so.app.MainActivity, appPackage: dog.fa.so.app.dev, automationName: uiautomator2, browserstack.appium_version: 1.17.0, browserstack.is_hub_canary: false, browserstack.minOSVersion: 7.0, bundleID: dog.fa.so.app.dev, bundleId: dog.fa.so.app.dev, capabilities: {64bit: false, acceptSslCert: false, acceptSslCerts: false, adbExecTimeout: 120000, appActivity: dog.fa.so.app.MainActivity, appPackage: dog.fa.so.app.dev, automationName: uiautomator2, browserstack.appium_version: 1.17.0, browserstack.is_hub_canary: false, browserstack.minOSVersion: 7.0, bundleID: dog.fa.so.app.dev, bundleId: dog.fa.so.app.dev, chromeOptions: {w3c: false}, chromedriverPort: 18081, chromedriverPorts: [[18111, 18121]], custom_id: SoFaDogAndroidAppQA, databaseEnabled: false, desired: {64bit: false, acceptSslCert: false, acceptSslCerts: false, adbExecTimeout: 120000, appActivity: dog.fa.so.app.MainActivity, appPackage: dog.fa.so.app.dev, automationName: uiautomator2, browserstack.appium_version: 1.17.0, browserstack.is_hub_canary: false, browserstack.minOSVersion: 7.0, bundleID: dog.fa.so.app.dev, bundleId: dog.fa.so.app.dev, chromeOptions: {w3c: false}, chromedriverPort: 18081, chromedriverPorts: [[18111, 18121]], custom_id: SoFaDogAndroidAppQA, detected_language: selenium/3.141.59 (java mac), device: google pixel 3 xl, deviceName: Android, disableSuppressAccessibilityService: true, enablePerformanceLogging: false, mobile: {browser: mobile, version: Google Pixel 3 XL-9.0}, nativeWebScreenshot: true, newCommandTimeout: 0, new_bucketing: true, orig_os: android, osVersion: 9.0, os_version: 9.0, platform: ANDROID, platformName: Android, realMobile: true, skipServerInstallation: true, systemPort: 8201, udid: 8B4Y0TM7A, uiautomator2ServerLaunchTimeout: 60000, version: }, detected_language: selenium/3.141.59 (java mac), device: google pixel 3 xl, deviceApiLevel: 28, deviceManufacturer: Google, deviceModel: Pixel 3 XL, deviceName: 8B4Y0TM7A, deviceScreenDensity: 560, deviceScreenSize: 1440x2960, deviceUDID: 8B4Y0TM7A, disableSuppressAccessibilityService: true, enablePerformanceLogging: false, javascriptEnabled: true, locationContextEnabled: false, mobile: {browser: mobile, version: Google Pixel 3 XL-9.0}, nativeWebScreenshot: true, networkConnectionEnabled: true, newCommandTimeout: 0, new_bucketing: true, orig_os: android, osVersion: 9.0, os_version: 9.0, pixelRatio: 3.5, platform: ANDROID, platformName: Android, platformVersion: 9, realMobile: true, sessionId: c5a8cf26645a0eb56fbaf7f4e84..., skipServerInstallation: true, statBarHeight: 171, systemPort: 8201, takesScreenshot: true, udid: 8B4Y0TM7A, uiautomator2ServerLaunchTimeout: 60000, version: , viewportRect: {height: 2450, left: 0, top: 171, width: 1440}, warnings: {}, webStorageEnabled: false}, chromeOptions: {w3c: false}, chromedriverPort: 18081, chromedriverPorts: [[18111, 18121]], custom_id: SoFaDogAndroidAppQA, databaseEnabled: false, detected_language: selenium/3.141.59 (java mac), device: google pixel 3 xl, deviceApiLevel: 28, deviceManufacturer: Google, deviceModel: Pixel 3 XL, deviceName: 8B4Y0TM7A, deviceScreenDensity: 560, deviceScreenSize: 1440x2960, deviceUDID: 8B4Y0TM7A, disableSuppressAccessibilityService: true, enablePerformanceLogging: false, javascriptEnabled: true, locationContextEnabled: false, mobile: {browser: mobile, version: Google Pixel 3 XL-9.0}, nativeWebScreenshot: true, networkConnectionEnabled: true, newCommandTimeout: 0, new_bucketing: true, orig_os: android, osVersion: 9.0, os_version: 9.0, pixelRatio: 3.5, platform: ANDROID, platformName: Android, platformVersion: 9, realMobile: true, sessionId: c5a8cf26645a0eb56fbaf7f4e84..., skipServerInstallation: true, statBarHeight: 171, systemPort: 8201, takesScreenshot: true, udid: 8B4Y0TM7A, uiautomator2ServerLaunchTimeout: 60000, version: , viewportRect: {height: 2450, left: 0, top: 171, width: 1440}, warnings: {}, webStorageEnabled: false}
Session ID: c5a8cf26645a0eb56fbaf7f4e847f3b1d865425e
*** Element info: {Using=xpath, value=//android.widget.Button[@text=&amp;apos;Only allow essential cookies&amp;apos;]}">
      <![CDATA[org.openqa.selenium.NoSuchElementException: An element could not be located on the page using the given search parameters. (WARNING: The server did not provide any stacktrace information)
Command duration or timeout: 0 milliseconds
For documentation on this error, please visit: https://www.seleniumhq.org/exceptions/no_such_element.html
Build info: version: '3.141.59', revision: 'e82be7d358', time: '2018-11-14T08:17:03'
System info: host: 'Kamals-MacBook-Pro.local', ip: 'fe80:0:0:0:1c2d:256b:9029:479e%en0', os.name: 'Mac OS X', os.arch: 'x86_64', os.version: '10.16', java.version: '15.0.1'
Driver info: io.appium.java_client.android.AndroidDriver
Capabilities {64bit: false, acceptSslCert: false, acceptSslCerts: false, adbExecTimeout: 120000, appActivity: dog.fa.so.app.MainActivity, appPackage: dog.fa.so.app.dev, automationName: uiautomator2, browserstack.appium_version: 1.17.0, browserstack.is_hub_canary: false, browserstack.minOSVersion: 7.0, bundleID: dog.fa.so.app.dev, bundleId: dog.fa.so.app.dev, capabilities: {64bit: false, acceptSslCert: false, acceptSslCerts: false, adbExecTimeout: 120000, appActivity: dog.fa.so.app.MainActivity, appPackage: dog.fa.so.app.dev, automationName: uiautomator2, browserstack.appium_version: 1.17.0, browserstack.is_hub_canary: false, browserstack.minOSVersion: 7.0, bundleID: dog.fa.so.app.dev, bundleId: dog.fa.so.app.dev, chromeOptions: {w3c: false}, chromedriverPort: 18081, chromedriverPorts: [[18111, 18121]], custom_id: SoFaDogAndroidAppQA, databaseEnabled: false, desired: {64bit: false, acceptSslCert: false, acceptSslCerts: false, adbExecTimeout: 120000, appActivity: dog.fa.so.app.MainActivity, appPackage: dog.fa.so.app.dev, automationName: uiautomator2, browserstack.appium_version: 1.17.0, browserstack.is_hub_canary: false, browserstack.minOSVersion: 7.0, bundleID: dog.fa.so.app.dev, bundleId: dog.fa.so.app.dev, chromeOptions: {w3c: false}, chromedriverPort: 18081, chromedriverPorts: [[18111, 18121]], custom_id: SoFaDogAndroidAppQA, detected_language: selenium/3.141.59 (java mac), device: google pixel 3 xl, deviceName: Android, disableSuppressAccessibilityService: true, enablePerformanceLogging: false, mobile: {browser: mobile, version: Google Pixel 3 XL-9.0}, nativeWebScreenshot: true, newCommandTimeout: 0, new_bucketing: true, orig_os: android, osVersion: 9.0, os_version: 9.0, platform: ANDROID, platformName: Android, realMobile: true, skipServerInstallation: true, systemPort: 8201, udid: 8B4Y0TM7A, uiautomator2ServerLaunchTimeout: 60000, version: }, detected_language: selenium/3.141.59 (java mac), device: google pixel 3 xl, deviceApiLevel: 28, deviceManufacturer: Google, deviceModel: Pixel 3 XL, deviceName: 8B4Y0TM7A, deviceScreenDensity: 560, deviceScreenSize: 1440x2960, deviceUDID: 8B4Y0TM7A, disableSuppressAccessibilityService: true, enablePerformanceLogging: false, javascriptEnabled: true, locationContextEnabled: false, mobile: {browser: mobile, version: Google Pixel 3 XL-9.0}, nativeWebScreenshot: true, networkConnectionEnabled: true, newCommandTimeout: 0, new_bucketing: true, orig_os: android, osVersion: 9.0, os_version: 9.0, pixelRatio: 3.5, platform: ANDROID, platformName: Android, platformVersion: 9, realMobile: true, sessionId: c5a8cf26645a0eb56fbaf7f4e84..., skipServerInstallation: true, statBarHeight: 171, systemPort: 8201, takesScreenshot: true, udid: 8B4Y0TM7A, uiautomator2ServerLaunchTimeout: 60000, version: , viewportRect: {height: 2450, left: 0, top: 171, width: 1440}, warnings: {}, webStorageEnabled: false}, chromeOptions: {w3c: false}, chromedriverPort: 18081, chromedriverPorts: [[18111, 18121]], custom_id: SoFaDogAndroidAppQA, databaseEnabled: false, detected_language: selenium/3.141.59 (java mac), device: google pixel 3 xl, deviceApiLevel: 28, deviceManufacturer: Google, deviceModel: Pixel 3 XL, deviceName: 8B4Y0TM7A, deviceScreenDensity: 560, deviceScreenSize: 1440x2960, deviceUDID: 8B4Y0TM7A, disableSuppressAccessibilityService: true, enablePerformanceLogging: false, javascriptEnabled: true, locationContextEnabled: false, mobile: {browser: mobile, version: Google Pixel 3 XL-9.0}, nativeWebScreenshot: true, networkConnectionEnabled: true, newCommandTimeout: 0, new_bucketing: true, orig_os: android, osVersion: 9.0, os_version: 9.0, pixelRatio: 3.5, platform: ANDROID, platformName: Android, platformVersion: 9, realMobile: true, sessionId: c5a8cf26645a0eb56fbaf7f4e84..., skipServerInstallation: true, statBarHeight: 171, systemPort: 8201, takesScreenshot: true, udid: 8B4Y0TM7A, uiautomator2ServerLaunchTimeout: 60000, version: , viewportRect: {height: 2450, left: 0, top: 171, width: 1440}, warnings: {}, webStorageEnabled: false}
Session ID: c5a8cf26645a0eb56fbaf7f4e847f3b1d865425e
*** Element info: {Using=xpath, value=//android.widget.Button[@text='Only allow essential cookies']}
at org.openqa.selenium.remote.ErrorHandler.createThrowable(ErrorHandler.java:214)
at org.openqa.selenium.remote.ErrorHandler.throwIfResponseFailed(ErrorHandler.java:166)
at org.openqa.selenium.remote.http.JsonHttpResponseCodec.reconstructValue(JsonHttpResponseCodec.java:40)
at org.openqa.selenium.remote.http.AbstractHttpResponseCodec.decode(AbstractHttpResponseCodec.java:80)
at org.openqa.selenium.remote.http.AbstractHttpResponseCodec.decode(AbstractHttpResponseCodec.java:44)
at org.openqa.selenium.remote.HttpCommandExecutor.execute(HttpCommandExecutor.java:158)
at io.appium.java_client.remote.AppiumCommandExecutor.execute(AppiumCommandExecutor.java:239)
at org.openqa.selenium.remote.RemoteWebDriver.execute(RemoteWebDriver.java:552)
at io.appium.java_client.DefaultGenericMobileDriver.execute(DefaultGenericMobileDriver.java:41)
at io.appium.java_client.AppiumDriver.execute(AppiumDriver.java:1)
at io.appium.java_client.android.AndroidDriver.execute(AndroidDriver.java:1)
at org.openqa.selenium.remote.RemoteWebDriver.findElement(RemoteWebDriver.java:323)
at io.appium.java_client.DefaultGenericMobileDriver.findElement(DefaultGenericMobileDriver.java:61)
at io.appium.java_client.AppiumDriver.findElement(AppiumDriver.java:1)
at io.appium.java_client.android.AndroidDriver.findElement(AndroidDriver.java:1)
at org.openqa.selenium.remote.RemoteWebDriver.findElementByXPath(RemoteWebDriver.java:428)
at io.appium.java_client.DefaultGenericMobileDriver.findElementByXPath(DefaultGenericMobileDriver.java:151)
at io.appium.java_client.AppiumDriver.findElementByXPath(AppiumDriver.java:1)
at io.appium.java_client.android.AndroidDriver.findElementByXPath(AndroidDriver.java:1)
at Memberse.AndroidAutomation.aLoginWithFacebookTest.iLoginWithFacebookTestCase(aLoginWithFacebookTest.java:26)
at java.base/java.util.ArrayList.forEach(ArrayList.java:1511)
... Removed 32 stack frames]]>
    </failure>
  </testcase> <!-- iLoginWithFacebookTestCase -->
  <testcase classname="Memberse.AndroidAutomation.aLogoutTest" name="aLogoutTestCase" time="45.884"/>
  <testcase classname="Memberse.AndroidAutomation.aRegisterFormValidationTest" name="aRegisterFormValidationTestCase" time="24.815">
    <failure type="org.openqa.selenium.NoSuchElementException" message="Can&amp;apos;t locate an element by this strategy: By.chained({By.xpath: //android.widget.TextView[@text=&amp;apos;Register&amp;apos;]})">
      <![CDATA[org.openqa.selenium.NoSuchElementException: Can't locate an element by this strategy: By.chained({By.xpath: //android.widget.TextView[@text='Register']})
at io.appium.java_client.pagefactory.AppiumElementLocator.findElement(AppiumElementLocator.java:126)
at io.appium.java_client.pagefactory.interceptors.InterceptorOfASingleElement.intercept(InterceptorOfASingleElement.java:59)
at io.appium.java_client.android.AndroidElement$$EnhancerByCGLIB$$b598166c.click(<generated>)
at Memberse.AndroidAutomation.aRegisterFormValidationTest.aRegisterFormValidationTestCase(aRegisterFormValidationTest.java:18)
at java.base/java.util.ArrayList.forEach(ArrayList.java:1511)
Caused by: org.openqa.selenium.TimeoutException: Expected condition failed: waiting for io.appium.java_client.pagefactory.AppiumElementLocator$WaitingFunction@499ef98e (tried for 1 second(s) with 500 milliseconds interval)
at org.openqa.selenium.support.ui.FluentWait.timeoutException(FluentWait.java:304)
at org.openqa.selenium.support.ui.FluentWait.until(FluentWait.java:272)
at io.appium.java_client.pagefactory.AppiumElementLocator.waitFor(AppiumElementLocator.java:99)
at io.appium.java_client.pagefactory.AppiumElementLocator.findElement(AppiumElementLocator.java:119)
... 31 more
Caused by: org.openqa.selenium.NoSuchElementException: Cannot locate an element using By.chained({By.xpath: //android.widget.TextView[@text='Register']})
For documentation on this error, please visit: https://www.seleniumhq.org/exceptions/no_such_element.html
Build info: version: '3.141.59', revision: 'e82be7d358', time: '2018-11-14T08:17:03'
System info: host: 'Kamals-MacBook-Pro.local', ip: 'fe80:0:0:0:1c2d:256b:9029:479e%en0', os.name: 'Mac OS X', os.arch: 'x86_64', os.version: '10.16', java.version: '15.0.1'
Driver info: driver.version: AndroidDriver
at io.appium.java_client.pagefactory.bys.builder.ByChained.findElement(ByChained.java:74)
at org.openqa.selenium.remote.RemoteWebDriver.findElement(RemoteWebDriver.java:315)
at io.appium.java_client.DefaultGenericMobileDriver.findElement(DefaultGenericMobileDriver.java:57)
at io.appium.java_client.AppiumDriver.findElement(AppiumDriver.java:1)
at io.appium.java_client.android.AndroidDriver.findElement(AndroidDriver.java:1)
at io.appium.java_client.pagefactory.bys.ContentMappedBy.findElement(ContentMappedBy.java:50)
at org.openqa.selenium.remote.RemoteWebDriver.findElement(RemoteWebDriver.java:315)
at io.appium.java_client.DefaultGenericMobileDriver.findElement(DefaultGenericMobileDriver.java:57)
at io.appium.java_client.AppiumDriver.findElement(AppiumDriver.java:1)
at io.appium.java_client.android.AndroidDriver.findElement(AndroidDriver.java:1)
at io.appium.java_client.pagefactory.AppiumElementLocator.lambda$0(AppiumElementLocator.java:120)
at io.appium.java_client.pagefactory.AppiumElementLocator$WaitingFunction.apply(AppiumElementLocator.java:172)
at io.appium.java_client.pagefactory.AppiumElementLocator$WaitingFunction.apply(AppiumElementLocator.java:1)
at org.openqa.selenium.support.ui.FluentWait.until(FluentWait.java:249)
... 33 more
... Removed 27 stack frames]]>
    </failure>
  </testcase> <!-- aRegisterFormValidationTestCase -->
  <testcase classname="Memberse.AndroidAutomation.aRegisterWithEmailTest" name="aRegisterWithEmailTestCase" time="40.292">
    <failure type="org.openqa.selenium.NoSuchElementException" message="An element could not be located on the page using the given search parameters. (WARNING: The server did not provide any stacktrace information)
Command duration or timeout: 0 milliseconds
For documentation on this error, please visit: https://www.seleniumhq.org/exceptions/no_such_element.html
Build info: version: &amp;apos;3.141.59&amp;apos;, revision: &amp;apos;e82be7d358&amp;apos;, time: &amp;apos;2018-11-14T08:17:03&amp;apos;
System info: host: &amp;apos;Kamals-MacBook-Pro.local&amp;apos;, ip: &amp;apos;fe80:0:0:0:1c2d:256b:9029:479e%en0&amp;apos;, os.name: &amp;apos;Mac OS X&amp;apos;, os.arch: &amp;apos;x86_64&amp;apos;, os.version: &amp;apos;10.16&amp;apos;, java.version: &amp;apos;15.0.1&amp;apos;
Driver info: io.appium.java_client.android.AndroidDriver
Capabilities {64bit: false, acceptSslCert: false, acceptSslCerts: false, adbExecTimeout: 120000, appActivity: dog.fa.so.app.MainActivity, appPackage: dog.fa.so.app.dev, automationName: uiautomator2, browserstack.appium_version: 1.17.0, browserstack.is_hub_canary: false, browserstack.minOSVersion: 7.0, bundleID: dog.fa.so.app.dev, bundleId: dog.fa.so.app.dev, capabilities: {64bit: false, acceptSslCert: false, acceptSslCerts: false, adbExecTimeout: 120000, appActivity: dog.fa.so.app.MainActivity, appPackage: dog.fa.so.app.dev, automationName: uiautomator2, browserstack.appium_version: 1.17.0, browserstack.is_hub_canary: false, browserstack.minOSVersion: 7.0, bundleID: dog.fa.so.app.dev, bundleId: dog.fa.so.app.dev, chromeOptions: {w3c: false}, chromedriverPort: 18082, chromedriverPorts: [[18122, 18132]], custom_id: SoFaDogAndroidAppQA, databaseEnabled: false, desired: {64bit: false, acceptSslCert: false, acceptSslCerts: false, adbExecTimeout: 120000, appActivity: dog.fa.so.app.MainActivity, appPackage: dog.fa.so.app.dev, automationName: uiautomator2, browserstack.appium_version: 1.17.0, browserstack.is_hub_canary: false, browserstack.minOSVersion: 7.0, bundleID: dog.fa.so.app.dev, bundleId: dog.fa.so.app.dev, chromeOptions: {w3c: false}, chromedriverPort: 18082, chromedriverPorts: [[18122, 18132]], custom_id: SoFaDogAndroidAppQA, detected_language: selenium/3.141.59 (java mac), device: google pixel 3 xl, deviceName: Android, disableSuppressAccessibilityService: true, enablePerformanceLogging: false, mobile: {browser: mobile, version: Google Pixel 3 XL-9.0}, nativeWebScreenshot: true, newCommandTimeout: 0, new_bucketing: true, orig_os: android, osVersion: 9.0, os_version: 9.0, platform: ANDROID, platformName: Android, realMobile: true, skipServerInstallation: true, systemPort: 8202, udid: 89LY088FU, uiautomator2ServerLaunchTimeout: 60000, version: }, detected_language: selenium/3.141.59 (java mac), device: google pixel 3 xl, deviceApiLevel: 28, deviceManufacturer: Google, deviceModel: Pixel 3 XL, deviceName: 89LY088FU, deviceScreenDensity: 560, deviceScreenSize: 1440x2960, deviceUDID: 89LY088FU, disableSuppressAccessibilityService: true, enablePerformanceLogging: false, javascriptEnabled: true, locationContextEnabled: false, mobile: {browser: mobile, version: Google Pixel 3 XL-9.0}, nativeWebScreenshot: true, networkConnectionEnabled: true, newCommandTimeout: 0, new_bucketing: true, orig_os: android, osVersion: 9.0, os_version: 9.0, pixelRatio: 3.5, platform: ANDROID, platformName: Android, platformVersion: 9, realMobile: true, sessionId: f100bf42a806e1ccf4333bc855d..., skipServerInstallation: true, statBarHeight: 171, systemPort: 8202, takesScreenshot: true, udid: 89LY088FU, uiautomator2ServerLaunchTimeout: 60000, version: , viewportRect: {height: 2450, left: 0, top: 171, width: 1440}, warnings: {}, webStorageEnabled: false}, chromeOptions: {w3c: false}, chromedriverPort: 18082, chromedriverPorts: [[18122, 18132]], custom_id: SoFaDogAndroidAppQA, databaseEnabled: false, detected_language: selenium/3.141.59 (java mac), device: google pixel 3 xl, deviceApiLevel: 28, deviceManufacturer: Google, deviceModel: Pixel 3 XL, deviceName: 89LY088FU, deviceScreenDensity: 560, deviceScreenSize: 1440x2960, deviceUDID: 89LY088FU, disableSuppressAccessibilityService: true, enablePerformanceLogging: false, javascriptEnabled: true, locationContextEnabled: false, mobile: {browser: mobile, version: Google Pixel 3 XL-9.0}, nativeWebScreenshot: true, networkConnectionEnabled: true, newCommandTimeout: 0, new_bucketing: true, orig_os: android, osVersion: 9.0, os_version: 9.0, pixelRatio: 3.5, platform: ANDROID, platformName: Android, platformVersion: 9, realMobile: true, sessionId: f100bf42a806e1ccf4333bc855d..., skipServerInstallation: true, statBarHeight: 171, systemPort: 8202, takesScreenshot: true, udid: 89LY088FU, uiautomator2ServerLaunchTimeout: 60000, version: , viewportRect: {height: 2450, left: 0, top: 171, width: 1440}, warnings: {}, webStorageEnabled: false}
Session ID: f100bf42a806e1ccf4333bc855d9dac5cf8a2b7d
*** Element info: {Using=xpath, value=//android.widget.TextView[@text=&amp;apos;As a creator&amp;apos;]}">
      <![CDATA[org.openqa.selenium.NoSuchElementException: An element could not be located on the page using the given search parameters. (WARNING: The server did not provide any stacktrace information)
Command duration or timeout: 0 milliseconds
For documentation on this error, please visit: https://www.seleniumhq.org/exceptions/no_such_element.html
Build info: version: '3.141.59', revision: 'e82be7d358', time: '2018-11-14T08:17:03'
System info: host: 'Kamals-MacBook-Pro.local', ip: 'fe80:0:0:0:1c2d:256b:9029:479e%en0', os.name: 'Mac OS X', os.arch: 'x86_64', os.version: '10.16', java.version: '15.0.1'
Driver info: io.appium.java_client.android.AndroidDriver
Capabilities {64bit: false, acceptSslCert: false, acceptSslCerts: false, adbExecTimeout: 120000, appActivity: dog.fa.so.app.MainActivity, appPackage: dog.fa.so.app.dev, automationName: uiautomator2, browserstack.appium_version: 1.17.0, browserstack.is_hub_canary: false, browserstack.minOSVersion: 7.0, bundleID: dog.fa.so.app.dev, bundleId: dog.fa.so.app.dev, capabilities: {64bit: false, acceptSslCert: false, acceptSslCerts: false, adbExecTimeout: 120000, appActivity: dog.fa.so.app.MainActivity, appPackage: dog.fa.so.app.dev, automationName: uiautomator2, browserstack.appium_version: 1.17.0, browserstack.is_hub_canary: false, browserstack.minOSVersion: 7.0, bundleID: dog.fa.so.app.dev, bundleId: dog.fa.so.app.dev, chromeOptions: {w3c: false}, chromedriverPort: 18082, chromedriverPorts: [[18122, 18132]], custom_id: SoFaDogAndroidAppQA, databaseEnabled: false, desired: {64bit: false, acceptSslCert: false, acceptSslCerts: false, adbExecTimeout: 120000, appActivity: dog.fa.so.app.MainActivity, appPackage: dog.fa.so.app.dev, automationName: uiautomator2, browserstack.appium_version: 1.17.0, browserstack.is_hub_canary: false, browserstack.minOSVersion: 7.0, bundleID: dog.fa.so.app.dev, bundleId: dog.fa.so.app.dev, chromeOptions: {w3c: false}, chromedriverPort: 18082, chromedriverPorts: [[18122, 18132]], custom_id: SoFaDogAndroidAppQA, detected_language: selenium/3.141.59 (java mac), device: google pixel 3 xl, deviceName: Android, disableSuppressAccessibilityService: true, enablePerformanceLogging: false, mobile: {browser: mobile, version: Google Pixel 3 XL-9.0}, nativeWebScreenshot: true, newCommandTimeout: 0, new_bucketing: true, orig_os: android, osVersion: 9.0, os_version: 9.0, platform: ANDROID, platformName: Android, realMobile: true, skipServerInstallation: true, systemPort: 8202, udid: 89LY088FU, uiautomator2ServerLaunchTimeout: 60000, version: }, detected_language: selenium/3.141.59 (java mac), device: google pixel 3 xl, deviceApiLevel: 28, deviceManufacturer: Google, deviceModel: Pixel 3 XL, deviceName: 89LY088FU, deviceScreenDensity: 560, deviceScreenSize: 1440x2960, deviceUDID: 89LY088FU, disableSuppressAccessibilityService: true, enablePerformanceLogging: false, javascriptEnabled: true, locationContextEnabled: false, mobile: {browser: mobile, version: Google Pixel 3 XL-9.0}, nativeWebScreenshot: true, networkConnectionEnabled: true, newCommandTimeout: 0, new_bucketing: true, orig_os: android, osVersion: 9.0, os_version: 9.0, pixelRatio: 3.5, platform: ANDROID, platformName: Android, platformVersion: 9, realMobile: true, sessionId: f100bf42a806e1ccf4333bc855d..., skipServerInstallation: true, statBarHeight: 171, systemPort: 8202, takesScreenshot: true, udid: 89LY088FU, uiautomator2ServerLaunchTimeout: 60000, version: , viewportRect: {height: 2450, left: 0, top: 171, width: 1440}, warnings: {}, webStorageEnabled: false}, chromeOptions: {w3c: false}, chromedriverPort: 18082, chromedriverPorts: [[18122, 18132]], custom_id: SoFaDogAndroidAppQA, databaseEnabled: false, detected_language: selenium/3.141.59 (java mac), device: google pixel 3 xl, deviceApiLevel: 28, deviceManufacturer: Google, deviceModel: Pixel 3 XL, deviceName: 89LY088FU, deviceScreenDensity: 560, deviceScreenSize: 1440x2960, deviceUDID: 89LY088FU, disableSuppressAccessibilityService: true, enablePerformanceLogging: false, javascriptEnabled: true, locationContextEnabled: false, mobile: {browser: mobile, version: Google Pixel 3 XL-9.0}, nativeWebScreenshot: true, networkConnectionEnabled: true, newCommandTimeout: 0, new_bucketing: true, orig_os: android, osVersion: 9.0, os_version: 9.0, pixelRatio: 3.5, platform: ANDROID, platformName: Android, platformVersion: 9, realMobile: true, sessionId: f100bf42a806e1ccf4333bc855d..., skipServerInstallation: true, statBarHeight: 171, systemPort: 8202, takesScreenshot: true, udid: 89LY088FU, uiautomator2ServerLaunchTimeout: 60000, version: , viewportRect: {height: 2450, left: 0, top: 171, width: 1440}, warnings: {}, webStorageEnabled: false}
Session ID: f100bf42a806e1ccf4333bc855d9dac5cf8a2b7d
*** Element info: {Using=xpath, value=//android.widget.TextView[@text='As a creator']}
at org.openqa.selenium.remote.ErrorHandler.createThrowable(ErrorHandler.java:214)
at org.openqa.selenium.remote.ErrorHandler.throwIfResponseFailed(ErrorHandler.java:166)
at org.openqa.selenium.remote.http.JsonHttpResponseCodec.reconstructValue(JsonHttpResponseCodec.java:40)
at org.openqa.selenium.remote.http.AbstractHttpResponseCodec.decode(AbstractHttpResponseCodec.java:80)
at org.openqa.selenium.remote.http.AbstractHttpResponseCodec.decode(AbstractHttpResponseCodec.java:44)
at org.openqa.selenium.remote.HttpCommandExecutor.execute(HttpCommandExecutor.java:158)
at io.appium.java_client.remote.AppiumCommandExecutor.execute(AppiumCommandExecutor.java:239)
at org.openqa.selenium.remote.RemoteWebDriver.execute(RemoteWebDriver.java:552)
at io.appium.java_client.DefaultGenericMobileDriver.execute(DefaultGenericMobileDriver.java:41)
at io.appium.java_client.AppiumDriver.execute(AppiumDriver.java:1)
at io.appium.java_client.android.AndroidDriver.execute(AndroidDriver.java:1)
at org.openqa.selenium.remote.RemoteWebDriver.findElement(RemoteWebDriver.java:323)
at io.appium.java_client.DefaultGenericMobileDriver.findElement(DefaultGenericMobileDriver.java:61)
at io.appium.java_client.AppiumDriver.findElement(AppiumDriver.java:1)
at io.appium.java_client.android.AndroidDriver.findElement(AndroidDriver.java:1)
at org.openqa.selenium.remote.RemoteWebDriver.findElementByXPath(RemoteWebDriver.java:428)
at io.appium.java_client.DefaultGenericMobileDriver.findElementByXPath(DefaultGenericMobileDriver.java:151)
at io.appium.java_client.AppiumDriver.findElementByXPath(AppiumDriver.java:1)
at io.appium.java_client.android.AndroidDriver.findElementByXPath(AndroidDriver.java:1)
at Memberse.AndroidAutomation.aRegisterWithEmailTest.aRegisterWithEmailTestCase(aRegisterWithEmailTest.java:37)
at java.base/java.util.ArrayList.forEach(ArrayList.java:1511)
... Removed 32 stack frames]]>
    </failure>
  </testcase> <!-- aRegisterWithEmailTestCase -->
  <testcase classname="SoFaDog.AndroidAutomation.Base" name="@AfterTest stopService" time="0.0">
    <ignored/>
  </testcase> <!-- @AfterTest stopService -->
  <testcase classname="SoFaDog.AndroidAutomation.Base" name="@AfterTest stopService" time="0.0">
    <ignored/>
  </testcase> <!-- @AfterTest stopService -->
  <testcase classname="SoFaDog.AndroidAutomation.Base" name="@AfterTest stopService" time="0.0">
    <ignored/>
  </testcase> <!-- @AfterTest stopService -->
  <testcase classname="SoFaDog.AndroidAutomation.Base" name="@AfterTest stopService" time="0.0">
    <ignored/>
  </testcase> <!-- @AfterTest stopService -->
  <testcase classname="SoFaDog.AndroidAutomation.Base" name="@AfterTest stopService" time="0.0">
    <ignored/>
  </testcase> <!-- @AfterTest stopService -->
  <testcase classname="SoFaDog.AndroidAutomation.Base" name="@AfterTest stopService" time="0.0">
    <ignored/>
  </testcase> <!-- @AfterTest stopService -->
  <testcase classname="SoFaDog.AndroidAutomation.Base" name="@AfterTest stopService" time="0.0">
    <ignored/>
  </testcase> <!-- @AfterTest stopService -->
  <testcase classname="SoFaDog.AndroidAutomation.Base" name="@BeforeTest startService" time="0.0">
    <ignored/>
  </testcase> <!-- @BeforeTest startService -->
  <testcase classname="SoFaDog.AndroidAutomation.Base" name="@BeforeTest startService" time="0.0">
    <ignored/>
  </testcase> <!-- @BeforeTest startService -->
  <testcase classname="SoFaDog.AndroidAutomation.Base" name="@BeforeTest startService" time="0.0">
    <ignored/>
  </testcase> <!-- @BeforeTest startService -->
  <testcase classname="SoFaDog.AndroidAutomation.Base" name="@BeforeTest startService" time="0.0">
    <ignored/>
  </testcase> <!-- @BeforeTest startService -->
  <testcase classname="SoFaDog.AndroidAutomation.Base" name="@BeforeTest startService" time="0.0">
    <ignored/>
  </testcase> <!-- @BeforeTest startService -->
  <testcase classname="SoFaDog.AndroidAutomation.Base" name="@BeforeTest startService" time="0.0">
    <ignored/>
  </testcase> <!-- @BeforeTest startService -->
  <testcase classname="SoFaDog.AndroidAutomation.Base" name="@BeforeTest startService" time="0.0">
    <ignored/>
  </testcase> <!-- @BeforeTest startService -->
</testsuite> <!-- Test -->
