<?xml version="1.0" encoding="UTF-8"?>
<!-- Generated by org.testng.reporters.JUnitXMLReporter -->
<testsuite ignored="8" hostname="Kamals-MacBook-Pro.local" failures="3" tests="5" name="Test" time="840.532" errors="0" timestamp="2022-06-07T15:31:19 IST">
  <testcase classname="SoFaDog.AndroidAutomation.WidgetSwipeTest" name="WidgetSwipeTestCase" time="78.804"/>
  <testcase classname="SoFaDog.AndroidAutomation.SmokeTest" name="SmokeTestCase" time="154.986"/>
  <testcase classname="SoFaDog.AndroidAutomation.LoginTest" name="LoginTestCase" time="140.806">
    <failure type="java.lang.AssertionError" message="expected [AutoUser40] but found [Tue, Jun 7]">
      <![CDATA[java.lang.AssertionError: expected [AutoUser40] but found [Tue, Jun 7]
at SoFaDog.AndroidAutomation.LoginTest.LoginTestCase(LoginTest.java:44)
at java.base/java.util.ArrayList.forEach(ArrayList.java:1511)
... Removed 32 stack frames]]>
    </failure>
  </testcase> <!-- LoginTestCase -->
  <testcase classname="SoFaDog.AndroidAutomation.LogoutTest" name="LogoutTestCase" time="142.114">
    <failure type="java.lang.AssertionError" message="expected [AutoUser40] but found [Tue, Jun 7]">
      <![CDATA[java.lang.AssertionError: expected [AutoUser40] but found [Tue, Jun 7]
at SoFaDog.AndroidAutomation.LoginTest.LoginTestCase(LoginTest.java:44)
at SoFaDog.AndroidAutomation.LogoutTest.LogoutTestCase(LogoutTest.java:15)
at java.base/java.util.ArrayList.forEach(ArrayList.java:1511)
... Removed 32 stack frames]]>
    </failure>
  </testcase> <!-- LogoutTestCase -->
  <testcase classname="SoFaDog.AndroidAutomation.EndToEndTest" name="EndToEndTestCase" time="141.808">
    <failure type="org.openqa.selenium.WebDriverException" message="An unknown server-side error occurred while processing the command. Original error: Could not proxy command to the remote server. Original error: socket hang up
Build info: version: &amp;apos;3.141.59&amp;apos;, revision: &amp;apos;e82be7d358&amp;apos;, time: &amp;apos;2018-11-14T08:17:03&amp;apos;
System info: host: &amp;apos;Kamals-MacBook-Pro.local&amp;apos;, ip: &amp;apos;fe80:0:0:0:4cf:5bd5:728c:f1b5%en0&amp;apos;, os.name: &amp;apos;Mac OS X&amp;apos;, os.arch: &amp;apos;x86_64&amp;apos;, os.version: &amp;apos;10.16&amp;apos;, java.version: &amp;apos;15.0.1&amp;apos;
Driver info: io.appium.java_client.android.AndroidDriver
Capabilities {app: /Users/kamaljhinjer/Documen..., appPackage: dog.fa.so.app, automationName: uiautomator2, chromedriverExecutable: /Users/kamaljhinjer/Documen..., databaseEnabled: false, desired: {app: /Users/kamaljhinjer/Documen..., automationName: uiautomator2, chromedriverExecutable: /Users/kamaljhinjer/Documen..., deviceName: Emulator_Pixel2XL, newCommandTimeout: 300, platformName: android}, deviceApiLevel: 31, deviceManufacturer: Google, deviceModel: sdk_gphone64_x86_64, deviceName: emulator-5554, deviceScreenDensity: 560, deviceScreenSize: 1440x2880, deviceUDID: emulator-5554, javascriptEnabled: true, locationContextEnabled: false, networkConnectionEnabled: true, newCommandTimeout: 300, pixelRatio: 3.5, platform: LINUX, platformName: Android, platformVersion: 12, statBarHeight: 98, takesScreenshot: true, viewportRect: {height: 2614, left: 0, top: 98, width: 1440}, warnings: {}, webStorageEnabled: false}
Session ID: 6725187f-5d6e-454d-9cb7-9f1db925334e
*** Element info: {Using=xpath, value=//android.widget.TextView}">
      <![CDATA[org.openqa.selenium.WebDriverException: An unknown server-side error occurred while processing the command. Original error: Could not proxy command to the remote server. Original error: socket hang up
Build info: version: '3.141.59', revision: 'e82be7d358', time: '2018-11-14T08:17:03'
System info: host: 'Kamals-MacBook-Pro.local', ip: 'fe80:0:0:0:4cf:5bd5:728c:f1b5%en0', os.name: 'Mac OS X', os.arch: 'x86_64', os.version: '10.16', java.version: '15.0.1'
Driver info: io.appium.java_client.android.AndroidDriver
Capabilities {app: /Users/kamaljhinjer/Documen..., appPackage: dog.fa.so.app, automationName: uiautomator2, chromedriverExecutable: /Users/kamaljhinjer/Documen..., databaseEnabled: false, desired: {app: /Users/kamaljhinjer/Documen..., automationName: uiautomator2, chromedriverExecutable: /Users/kamaljhinjer/Documen..., deviceName: Emulator_Pixel2XL, newCommandTimeout: 300, platformName: android}, deviceApiLevel: 31, deviceManufacturer: Google, deviceModel: sdk_gphone64_x86_64, deviceName: emulator-5554, deviceScreenDensity: 560, deviceScreenSize: 1440x2880, deviceUDID: emulator-5554, javascriptEnabled: true, locationContextEnabled: false, networkConnectionEnabled: true, newCommandTimeout: 300, pixelRatio: 3.5, platform: LINUX, platformName: Android, platformVersion: 12, statBarHeight: 98, takesScreenshot: true, viewportRect: {height: 2614, left: 0, top: 98, width: 1440}, warnings: {}, webStorageEnabled: false}
Session ID: 6725187f-5d6e-454d-9cb7-9f1db925334e
*** Element info: {Using=xpath, value=//android.widget.TextView}
at org.openqa.selenium.remote.http.W3CHttpResponseCodec.createException(W3CHttpResponseCodec.java:187)
at org.openqa.selenium.remote.http.W3CHttpResponseCodec.decode(W3CHttpResponseCodec.java:122)
at org.openqa.selenium.remote.http.W3CHttpResponseCodec.decode(W3CHttpResponseCodec.java:49)
at org.openqa.selenium.remote.HttpCommandExecutor.execute(HttpCommandExecutor.java:158)
at io.appium.java_client.remote.AppiumCommandExecutor.execute(AppiumCommandExecutor.java:239)
at org.openqa.selenium.remote.RemoteWebDriver.execute(RemoteWebDriver.java:552)
at io.appium.java_client.DefaultGenericMobileDriver.execute(DefaultGenericMobileDriver.java:41)
at io.appium.java_client.AppiumDriver.execute(AppiumDriver.java:1)
at io.appium.java_client.android.AndroidDriver.execute(AndroidDriver.java:1)
at org.openqa.selenium.remote.RemoteWebDriver.findElement(RemoteWebDriver.java:323)
at io.appium.java_client.DefaultGenericMobileDriver.findElement(DefaultGenericMobileDriver.java:61)
at io.appium.java_client.AppiumDriver.findElement(AppiumDriver.java:1)
at io.appium.java_client.android.AndroidDriver.findElement(AndroidDriver.java:1)
at org.openqa.selenium.remote.RemoteWebDriver.findElementByXPath(RemoteWebDriver.java:428)
at io.appium.java_client.DefaultGenericMobileDriver.findElementByXPath(DefaultGenericMobileDriver.java:151)
at io.appium.java_client.AppiumDriver.findElementByXPath(AppiumDriver.java:1)
at io.appium.java_client.android.AndroidDriver.findElementByXPath(AndroidDriver.java:1)
at SoFaDog.AndroidAutomation.LoginTest.LoginTestCase(LoginTest.java:42)
at SoFaDog.AndroidAutomation.EndToEndTest.EndToEndTestCase(EndToEndTest.java:32)
at java.base/java.util.ArrayList.forEach(ArrayList.java:1511)
... Removed 32 stack frames]]>
    </failure>
  </testcase> <!-- EndToEndTestCase -->
  <testcase classname="SoFaDog.AndroidAutomation.Base" name="@AfterTest stopService" time="0.0">
    <ignored/>
  </testcase> <!-- @AfterTest stopService -->
  <testcase classname="SoFaDog.AndroidAutomation.Base" name="@AfterTest stopService" time="0.0">
    <ignored/>
  </testcase> <!-- @AfterTest stopService -->
  <testcase classname="SoFaDog.AndroidAutomation.Base" name="@AfterTest stopService" time="0.0">
    <ignored/>
  </testcase> <!-- @AfterTest stopService -->
  <testcase classname="SoFaDog.AndroidAutomation.Base" name="@AfterTest stopService" time="0.0">
    <ignored/>
  </testcase> <!-- @AfterTest stopService -->
  <testcase classname="SoFaDog.AndroidAutomation.Base" name="@BeforeTest startService" time="0.0">
    <ignored/>
  </testcase> <!-- @BeforeTest startService -->
  <testcase classname="SoFaDog.AndroidAutomation.Base" name="@BeforeTest startService" time="0.0">
    <ignored/>
  </testcase> <!-- @BeforeTest startService -->
  <testcase classname="SoFaDog.AndroidAutomation.Base" name="@BeforeTest startService" time="0.0">
    <ignored/>
  </testcase> <!-- @BeforeTest startService -->
  <testcase classname="SoFaDog.AndroidAutomation.Base" name="@BeforeTest startService" time="0.0">
    <ignored/>
  </testcase> <!-- @BeforeTest startService -->
</testsuite> <!-- Test -->
