<?xml version="1.0" encoding="UTF-8"?>
<!-- Generated by org.testng.reporters.JUnitXMLReporter -->
<testsuite ignored="0" hostname="Kamals-MacBook-Pro.local" failures="1" tests="2" name="Test" time="56.902" errors="0" timestamp="2022-05-09T18:40:21 IST">
  <testcase classname="SoFaDog.AndroidAutomation.SampleTest" name="FirstTest" time="29.466"/>
  <testcase classname="SoFaDog.AndroidAutomation.SoFaDogSmokeTest" name="FirstTest" time="27.401">
    <failure type="java.lang.IndexOutOfBoundsException" message="Index 1 out of bounds for length 1">
      <![CDATA[java.lang.IndexOutOfBoundsException: Index 1 out of bounds for length 1
at java.base/jdk.internal.util.Preconditions.outOfBounds(Preconditions.java:64)
at java.base/jdk.internal.util.Preconditions.outOfBoundsCheckIndex(Preconditions.java:70)
at java.base/jdk.internal.util.Preconditions.checkIndex(Preconditions.java:248)
at java.base/java.util.Objects.checkIndex(Objects.java:359)
at java.base/java.util.ArrayList.get(ArrayList.java:427)
at SoFaDog.AndroidAutomation.SoFaDogSmokeTest.FirstTest(SoFaDogSmokeTest.java:24)
at java.base/java.util.ArrayList.forEach(ArrayList.java:1511)
... Removed 31 stack frames]]>
    </failure>
  </testcase> <!-- FirstTest -->
</testsuite> <!-- Test -->
