-------------------------------------------------------------------------------
Test set: TestSuite
-------------------------------------------------------------------------------
Tests run: 2, Failures: 1, Errors: 0, Skipped: 0, Time elapsed: 58.141 s <<< FAILURE! - in TestSuite
SoFaDog.AndroidAutomation.SoFaDogSmokeTest.FirstTest  Time elapsed: 27.303 s  <<< FAILURE!
java.lang.IndexOutOfBoundsException: Index 1 out of bounds for length 1
	at SoFaDog.AndroidAutomation.SoFaDogSmokeTest.FirstTest(SoFaDogSmokeTest.java:24)

