<?xml version="1.0" encoding="UTF-8"?>
<testsuite xmlns:xsi="http://www.w3.org/2001/XMLSchema-instance" xsi:noNamespaceSchemaLocation="https://maven.apache.org/surefire/maven-surefire-plugin/xsd/surefire-test-report-3.0.xsd" version="3.0" name="TestSuite" time="966.94" tests="7" errors="0" skipped="0" failures="3">
  <properties>
[...]
</properties>
  <testcase name="WidgetSwipeTestCase" classname="SoFaDog.AndroidAutomation.WidgetSwipeTest" time="58.266">
    <system-out><![CDATA[Entered Before Test, Starting Server & Launching App
&amp#27;[35m[Appium]&amp#27;[39m Welcome to Appium v1.22.3
&amp#27;[35m[Appium]&amp#27;[39m Non-default server args:
&amp#27;[35m[Appium]&amp#27;[39m   address: 127.0.0.1
&amp#27;[35m[Appium]&amp#27;[39m Appium REST http interface listener started on 127.0.0.1:4723
&amp#27;[35m[HTTP]&amp#27;[39m &amp#27;[37m-->&amp#27;[39m &amp#27;[37mGET&amp#27;[39m &amp#27;[37m/wd/hub/status&amp#27;[39m
&amp#27;[35m[HTTP]&amp#27;[39m &amp#27;[90m{}&amp#27;[39m
[debug] &amp#27;[35m[GENERIC]&amp#27;[39m Calling AppiumDriver.getStatus() with args: []
[debug] &amp#27;[35m[GENERIC]&amp#27;[39m Responding to client with driver.getStatus() result: {"build":{"version":"1.22.3"}}
&amp#27;[35m[HTTP]&amp#27;[39m &amp#27;[37m<-- GET /wd/hub/status &amp#27;[39m&amp#27;[32m200&amp#27;[39m &amp#27;[90m12 ms - 68&amp#27;[39m
&amp#27;[35m[HTTP]&amp#27;[39m &amp#27;[90m&amp#27;[39m
Execute Before Class & passing capabilities to driver every time the Test's Start in New Class
&amp#27;[35m[HTTP]&amp#27;[39m &amp#27;[37m-->&amp#27;[39m &amp#27;[37mPOST&amp#27;[39m &amp#27;[37m/wd/hub/session&amp#27;[39m
&amp#27;[35m[HTTP]&amp#27;[39m &amp#27;[90m{"desiredCapabilities":{"app":"/Users/kamaljhinjer/Documents/Mac_Coding/AndroidAutomation/src/sofadog-debug-services-4.5.3-2.apk","chromedriverExecutable":"/Users/kamaljhinjer/Documents/Mac_Coding/AndroidAutomation/src/chromedriver/chromedriver","newCommandTimeout":180,"automationName":"uiautomator2","platformName":"Android","deviceName":"Emulator_Pixel2XL"},"capabilities":{"firstMatch":[{"appium:app":"/Users/kamaljhinjer/Documents/Mac_Coding/AndroidAutomation/src/sofadog-debug-services-4.5.3-2.apk","appium:automationName":"uiautomator2","appium:chromedriverExecutable":"/Users/kamaljhinjer/Documents/Mac_Coding/AndroidAutomation/src/chromedriver/chromedriver","appium:deviceName":"Emulator_Pixel2XL","appium:newCommandTimeout":180,"platformName":"android"}]}}&amp#27;[39m
[debug] &amp#27;[35m[W3C]&amp#27;[39m Calling AppiumDriver.createSession() with args: [{"app":"/Users/kamaljhinjer/Documents/Mac_Coding/AndroidAutomation/src/sofadog-debug-services-4.5.3-2.apk","chromedriverExecutable":"/Users/kamaljhinjer/Documents/Mac_Coding/AndroidAutomation/src/chromedriver/chromedriver","newCommandTimeout":180,"automationName":"uiautomator2","platformName":"Android","deviceName":"Emulator_Pixel2XL"},null,{"firstMatch":[{"appium:app":"/Users/kamaljhinjer/Documents/Mac_Coding/AndroidAutomation/src/sofadog-debug-services-4.5.3-2.apk","appium:automationName":"uiautomator2","appium:chromedriverExecutable":"/Users/kamaljhinjer/Documents/Mac_Coding/AndroidAutomation/src/chromedriver/chromedriver","appium:deviceName":"Emulator_Pixel2XL","appium:newCommandTimeout":180,"platformName":"android"}]}]
[debug] &amp#27;[35m[BaseDriver]&amp#27;[39m Event 'newSessionRequested' logged at 1654620733103 (22:22:13 GMT+0530 (India Standard Time))
&amp#27;[35m[Appium]&amp#27;[39m Appium v1.22.3 creating new AndroidUiautomator2Driver (v1.70.1) session
[debug] &amp#27;[35m[BaseDriver]&amp#27;[39m W3C capabilities and MJSONWP desired capabilities were provided
[debug] &amp#27;[35m[BaseDriver]&amp#27;[39m Creating session with W3C capabilities: {
[debug] &amp#27;[35m[BaseDriver]&amp#27;[39m   "alwaysMatch": {
[debug] &amp#27;[35m[BaseDriver]&amp#27;[39m     "platformName": "android",
[debug] &amp#27;[35m[BaseDriver]&amp#27;[39m     "appium:app": "/Users/kamaljhinjer/Documents/Mac_Coding/AndroidAutomation/src/sofadog-debug-services-4.5.3-2.apk",
[debug] &amp#27;[35m[BaseDriver]&amp#27;[39m     "appium:automationName": "uiautomator2",
[debug] &amp#27;[35m[BaseDriver]&amp#27;[39m     "appium:chromedriverExecutable": "/Users/kamaljhinjer/Documents/Mac_Coding/AndroidAutomation/src/chromedriver/chromedriver",
[debug] &amp#27;[35m[BaseDriver]&amp#27;[39m     "appium:deviceName": "Emulator_Pixel2XL",
[debug] &amp#27;[35m[BaseDriver]&amp#27;[39m     "appium:newCommandTimeout": 180
[debug] &amp#27;[35m[BaseDriver]&amp#27;[39m   },
[debug] &amp#27;[35m[BaseDriver]&amp#27;[39m   "firstMatch": [
[debug] &amp#27;[35m[BaseDriver]&amp#27;[39m     {}
[debug] &amp#27;[35m[BaseDriver]&amp#27;[39m   ]
[debug] &amp#27;[35m[BaseDriver]&amp#27;[39m }
&amp#27;[35m[BaseDriver]&amp#27;[39m Session created with session id: 587fc001-2b30-4c88-9eb5-fa2dca2a30b0
&amp#27;[35m[BaseDriver]&amp#27;[39m Using local app '/Users/kamaljhinjer/Documents/Mac_Coding/AndroidAutomation/src/sofadog-debug-services-4.5.3-2.apk'
[debug] &amp#27;[35m[UiAutomator2]&amp#27;[39m Checking whether app is actually present
&amp#27;[35m[ADB]&amp#27;[39m Found 4 'build-tools' folders under '/Users/kamaljhinjer/Library/Android/sdk' (newest first):
&amp#27;[35m[ADB]&amp#27;[39m     /Users/kamaljhinjer/Library/Android/sdk/build-tools/33.0.0-rc3
&amp#27;[35m[ADB]&amp#27;[39m     /Users/kamaljhinjer/Library/Android/sdk/build-tools/32.1.0-rc1
&amp#27;[35m[ADB]&amp#27;[39m     /Users/kamaljhinjer/Library/Android/sdk/build-tools/32.0.0
&amp#27;[35m[ADB]&amp#27;[39m     /Users/kamaljhinjer/Library/Android/sdk/build-tools/30.0.3
&amp#27;[35m[ADB]&amp#27;[39m Using 'adb' from '/Users/kamaljhinjer/Library/Android/sdk/platform-tools/adb'
[debug] &amp#27;[35m[ADB]&amp#27;[39m Running '/Users/kamaljhinjer/Library/Android/sdk/platform-tools/adb -P 5037 start-server'
&amp#27;[35m[AndroidDriver]&amp#27;[39m Retrieving device list
[debug] &amp#27;[35m[ADB]&amp#27;[39m Trying to find a connected android device
[debug] &amp#27;[35m[ADB]&amp#27;[39m Getting connected devices
[debug] &amp#27;[35m[ADB]&amp#27;[39m Connected devices: [{"udid":"emulator-5554","state":"device"}]
&amp#27;[35m[AndroidDriver]&amp#27;[39m Using device: emulator-5554
&amp#27;[35m[ADB]&amp#27;[39m Using 'adb' from '/Users/kamaljhinjer/Library/Android/sdk/platform-tools/adb'
[debug] &amp#27;[35m[ADB]&amp#27;[39m Running '/Users/kamaljhinjer/Library/Android/sdk/platform-tools/adb -P 5037 start-server'
[debug] &amp#27;[35m[ADB]&amp#27;[39m Setting device id to emulator-5554
[debug] &amp#27;[35m[ADB]&amp#27;[39m Running '/Users/kamaljhinjer/Library/Android/sdk/platform-tools/adb -P 5037 -s emulator-5554 shell getprop ro.build.version.sdk'
[debug] &amp#27;[35m[ADB]&amp#27;[39m Current device property 'ro.build.version.sdk': 31
&amp#27;[35m[ADB]&amp#27;[39m Getting device platform version
[debug] &amp#27;[35m[ADB]&amp#27;[39m Running '/Users/kamaljhinjer/Library/Android/sdk/platform-tools/adb -P 5037 -s emulator-5554 shell getprop ro.build.version.release'
[debug] &amp#27;[35m[ADB]&amp#27;[39m Current device property 'ro.build.version.release': 12
[debug] &amp#27;[35m[ADB]&amp#27;[39m Device API level: 31
&amp#27;[35m[UiAutomator2]&amp#27;[39m Relaxing hidden api policy
[debug] &amp#27;[35m[ADB]&amp#27;[39m Running '/Users/kamaljhinjer/Library/Android/sdk/platform-tools/adb -P 5037 -s emulator-5554 shell 'settings put global hidden_api_policy_pre_p_apps 1;settings put global hidden_api_policy_p_apps 1;settings put global hidden_api_policy 1''
[debug] &amp#27;[35m[AndroidDriver]&amp#27;[39m Parsing package and activity from app manifest
&amp#27;[35m[ADB]&amp#27;[39m Package name: 'dog.fa.so.app'
&amp#27;[35m[ADB]&amp#27;[39m Main activity name: 'dog.fa.so.app.MainActivity'
[debug] &amp#27;[35m[AndroidDriver]&amp#27;[39m Parsed package and activity are: dog.fa.so.app/dog.fa.so.app.MainActivity
[debug] &amp#27;[35m[ADB]&amp#27;[39m Running '/Users/kamaljhinjer/Library/Android/sdk/platform-tools/adb -P 5037 -s emulator-5554 wait-for-device'
[debug] &amp#27;[35m[ADB]&amp#27;[39m Running '/Users/kamaljhinjer/Library/Android/sdk/platform-tools/adb -P 5037 -s emulator-5554 shell echo ping'
[debug] &amp#27;[35m[AndroidDriver]&amp#27;[39m Pushing settings apk to device...
[debug] &amp#27;[35m[ADB]&amp#27;[39m Getting install status for io.appium.settings
[debug] &amp#27;[35m[ADB]&amp#27;[39m Running '/Users/kamaljhinjer/Library/Android/sdk/platform-tools/adb -P 5037 -s emulator-5554 shell dumpsys package io.appium.settings'
[debug] &amp#27;[35m[ADB]&amp#27;[39m 'io.appium.settings' is installed
[debug] &amp#27;[35m[ADB]&amp#27;[39m Getting package info for 'io.appium.settings'
[debug] &amp#27;[35m[ADB]&amp#27;[39m Running '/Users/kamaljhinjer/Library/Android/sdk/platform-tools/adb -P 5037 -s emulator-5554 shell dumpsys package io.appium.settings'
[debug] &amp#27;[35m[ADB]&amp#27;[39m The version name of the installed 'io.appium.settings' is greater or equal to the application version name ('3.4.0' >= '3.4.0')
[debug] &amp#27;[35m[ADB]&amp#27;[39m There is no need to install/upgrade '/usr/local/lib/node_modules/appium/node_modules/io.appium.settings/apks/settings_apk-debug.apk'
[debug] &amp#27;[35m[ADB]&amp#27;[39m Getting IDs of all 'io.appium.settings' processes
[debug] &amp#27;[35m[ADB]&amp#27;[39m Running '/Users/kamaljhinjer/Library/Android/sdk/platform-tools/adb -P 5037 -s emulator-5554 shell 'pgrep --help; echo $?''
[debug] &amp#27;[35m[ADB]&amp#27;[39m Running '/Users/kamaljhinjer/Library/Android/sdk/platform-tools/adb -P 5037 -s emulator-5554 shell pgrep -f \(\[\[:blank:\]\]\|\^\)io\.appium\.settings\(\[\[:blank:\]\]\|\$\)'
[debug] &amp#27;[35m[AndroidDriver]&amp#27;[39m io.appium.settings is already running. There is no need to reset its permissions.
[debug] &amp#27;[35m[Logcat]&amp#27;[39m Starting logs capture with command: /Users/kamaljhinjer/Library/Android/sdk/platform-tools/adb -P 5037 -s emulator-5554 logcat -v threadtime
[debug] &amp#27;[35m[UiAutomator2]&amp#27;[39m Forwarding UiAutomator2 Server port 6790 to local port 8208
[debug] &amp#27;[35m[ADB]&amp#27;[39m Forwarding system: 8208 to device: 6790
[debug] &amp#27;[35m[ADB]&amp#27;[39m Running '/Users/kamaljhinjer/Library/Android/sdk/platform-tools/adb -P 5037 -s emulator-5554 forward tcp:8208 tcp:6790'
&amp#27;[35m[UiAutomator2]&amp#27;[39m Server package at '/usr/local/lib/node_modules/appium/node_modules/appium-uiautomator2-server/apks/appium-uiautomator2-server-v4.27.0.apk' is not writeable. Will copy it into the temporary location at '/var/folders/4f/ggkjk46s0lj0y4w1yj8mpmm00000gn/T/202257-2037-11tda5i.q3dnj' as a workaround. Consider making this file writeable manually in order to improve the performance of session startup.
&amp#27;[35m[UiAutomator2]&amp#27;[39m Server package at '/usr/local/lib/node_modules/appium/node_modules/appium-uiautomator2-server/apks/appium-uiautomator2-server-debug-androidTest.apk' is not writeable. Will copy it into the temporary location at '/var/folders/4f/ggkjk46s0lj0y4w1yj8mpmm00000gn/T/202257-2037-11tda5i.q3dnj' as a workaround. Consider making this file writeable manually in order to improve the performance of session startup.
[debug] &amp#27;[35m[ADB]&amp#27;[39m Getting install status for io.appium.uiautomator2.server
[debug] &amp#27;[35m[ADB]&amp#27;[39m Running '/Users/kamaljhinjer/Library/Android/sdk/platform-tools/adb -P 5037 -s emulator-5554 shell dumpsys package io.appium.uiautomator2.server'
[debug] &amp#27;[35m[ADB]&amp#27;[39m 'io.appium.uiautomator2.server' is installed
[debug] &amp#27;[35m[ADB]&amp#27;[39m Getting package info for 'io.appium.uiautomator2.server'
[debug] &amp#27;[35m[ADB]&amp#27;[39m Running '/Users/kamaljhinjer/Library/Android/sdk/platform-tools/adb -P 5037 -s emulator-5554 shell dumpsys package io.appium.uiautomator2.server'
[debug] &amp#27;[35m[ADB]&amp#27;[39m The version name of the installed 'io.appium.uiautomator2.server' is greater or equal to the application version name ('4.27.0' >= '4.27.0')
[debug] &amp#27;[35m[UiAutomator2]&amp#27;[39m io.appium.uiautomator2.server installation state: sameVersionInstalled
[debug] &amp#27;[35m[ADB]&amp#27;[39m Checking app cert for /var/folders/4f/ggkjk46s0lj0y4w1yj8mpmm00000gn/T/202257-2037-11tda5i.q3dnj/appium-uiautomator2-server-v4.27.0.apk
&amp#27;[35m[ADB]&amp#27;[39m Using 'apksigner.jar' from '/Users/kamaljhinjer/Library/Android/sdk/build-tools/33.0.0-rc3/lib/apksigner.jar'
[debug] &amp#27;[35m[ADB]&amp#27;[39m Starting apksigner: /Users/kamaljhinjer/Library/Java/JavaVirtualMachines/corretto-1.8.0_292/Contents/Home/bin/java -Xmx1024M -Xss1m -jar /Users/kamaljhinjer/Library/Android/sdk/build-tools/33.0.0-rc3/lib/apksigner.jar verify --print-certs /var/folders/4f/ggkjk46s0lj0y4w1yj8mpmm00000gn/T/202257-2037-11tda5i.q3dnj/appium-uiautomator2-server-v4.27.0.apk
[debug] &amp#27;[35m[ADB]&amp#27;[39m apksigner stdout: Signer #1 certificate DN: EMAILADDRESS=android@android.com, CN=Android, OU=Android, O=Android, L=Mountain View, ST=California, C=US
[debug] &amp#27;[35m[ADB]&amp#27;[39m Signer #1 certificate SHA-256 digest: a40da80a59d170caa950cf15c18c454d47a39b26989d8b640ecd745ba71bf5dc
[debug] &amp#27;[35m[ADB]&amp#27;[39m Signer #1 certificate SHA-1 digest: 61ed377e85d386a8dfee6b864bd85b0bfaa5af81
[debug] &amp#27;[35m[ADB]&amp#27;[39m Signer #1 certificate MD5 digest: e89b158e4bcf988ebd09eb83f5378e87
[debug] &amp#27;[35m[ADB]&amp#27;[39m 
[debug] &amp#27;[35m[ADB]&amp#27;[39m sha256 hash did match for 'appium-uiautomator2-server-v4.27.0.apk'
&amp#27;[35m[ADB]&amp#27;[39m '/var/folders/4f/ggkjk46s0lj0y4w1yj8mpmm00000gn/T/202257-2037-11tda5i.q3dnj/appium-uiautomator2-server-v4.27.0.apk' is signed with the default certificate
[debug] &amp#27;[35m[ADB]&amp#27;[39m Getting install status for io.appium.uiautomator2.server.test
[debug] &amp#27;[35m[ADB]&amp#27;[39m Running '/Users/kamaljhinjer/Library/Android/sdk/platform-tools/adb -P 5037 -s emulator-5554 shell dumpsys package io.appium.uiautomator2.server.test'
[debug] &amp#27;[35m[ADB]&amp#27;[39m 'io.appium.uiautomator2.server.test' is installed
[debug] &amp#27;[35m[ADB]&amp#27;[39m Checking app cert for /var/folders/4f/ggkjk46s0lj0y4w1yj8mpmm00000gn/T/202257-2037-11tda5i.q3dnj/appium-uiautomator2-server-debug-androidTest.apk
[debug] &amp#27;[35m[ADB]&amp#27;[39m Starting apksigner: /Users/kamaljhinjer/Library/Java/JavaVirtualMachines/corretto-1.8.0_292/Contents/Home/bin/java -Xmx1024M -Xss1m -jar /Users/kamaljhinjer/Library/Android/sdk/build-tools/33.0.0-rc3/lib/apksigner.jar verify --print-certs /var/folders/4f/ggkjk46s0lj0y4w1yj8mpmm00000gn/T/202257-2037-11tda5i.q3dnj/appium-uiautomator2-server-debug-androidTest.apk
[debug] &amp#27;[35m[ADB]&amp#27;[39m apksigner stdout: Signer #1 certificate DN: EMAILADDRESS=android@android.com, CN=Android, OU=Android, O=Android, L=Mountain View, ST=California, C=US
[debug] &amp#27;[35m[ADB]&amp#27;[39m Signer #1 certificate SHA-256 digest: a40da80a59d170caa950cf15c18c454d47a39b26989d8b640ecd745ba71bf5dc
[debug] &amp#27;[35m[ADB]&amp#27;[39m Signer #1 certificate SHA-1 digest: 61ed377e85d386a8dfee6b864bd85b0bfaa5af81
[debug] &amp#27;[35m[ADB]&amp#27;[39m Signer #1 certificate MD5 digest: e89b158e4bcf988ebd09eb83f5378e87
[debug] &amp#27;[35m[ADB]&amp#27;[39m 
[debug] &amp#27;[35m[ADB]&amp#27;[39m sha256 hash did match for 'appium-uiautomator2-server-debug-androidTest.apk'
&amp#27;[35m[ADB]&amp#27;[39m '/var/folders/4f/ggkjk46s0lj0y4w1yj8mpmm00000gn/T/202257-2037-11tda5i.q3dnj/appium-uiautomator2-server-debug-androidTest.apk' is signed with the default certificate
&amp#27;[35m[UiAutomator2]&amp#27;[39m Server packages are not going to be (re)installed
[debug] &amp#27;[35m[UiAutomator2]&amp#27;[39m Waiting up to 30000ms for services to be available
[debug] &amp#27;[35m[ADB]&amp#27;[39m Running '/Users/kamaljhinjer/Library/Android/sdk/platform-tools/adb -P 5037 -s emulator-5554 shell pm list instrumentation'
[debug] &amp#27;[35m[UiAutomator2]&amp#27;[39m Instrumentation target 'io.appium.uiautomator2.server.test/androidx.test.runner.AndroidJUnitRunner' is available
&amp#27;[35m[ADB]&amp#27;[39m Adding packages ["io.appium.settings","io.appium.uiautomator2.server","io.appium.uiautomator2.server.test"] to Doze whitelist
[debug] &amp#27;[35m[ADB]&amp#27;[39m Got the following command chunks to execute: [["dumpsys","deviceidle","whitelist","+io.appium.settings",";","dumpsys","deviceidle","whitelist","+io.appium.uiautomator2.server",";","dumpsys","deviceidle","whitelist","+io.appium.uiautomator2.server.test",";"]]
[debug] &amp#27;[35m[ADB]&amp#27;[39m Running '/Users/kamaljhinjer/Library/Android/sdk/platform-tools/adb -P 5037 -s emulator-5554 shell dumpsys deviceidle whitelist +io.appium.settings ; dumpsys deviceidle whitelist +io.appium.uiautomator2.server ; dumpsys deviceidle whitelist +io.appium.uiautomator2.server.test ;'
[debug] &amp#27;[35m[ADB]&amp#27;[39m Checking app cert for /Users/kamaljhinjer/Documents/Mac_Coding/AndroidAutomation/src/sofadog-debug-services-4.5.3-2.apk
[debug] &amp#27;[35m[ADB]&amp#27;[39m Starting apksigner: /Users/kamaljhinjer/Library/Java/JavaVirtualMachines/corretto-1.8.0_292/Contents/Home/bin/java -Xmx1024M -Xss1m -jar /Users/kamaljhinjer/Library/Android/sdk/build-tools/33.0.0-rc3/lib/apksigner.jar verify --print-certs /Users/kamaljhinjer/Documents/Mac_Coding/AndroidAutomation/src/sofadog-debug-services-4.5.3-2.apk
[debug] &amp#27;[35m[ADB]&amp#27;[39m apksigner stdout: Signer #1 certificate DN: CN=Android Debug, OU=Android, O=Unknown, L=Unknown, ST=Unknown, C=US
[debug] &amp#27;[35m[ADB]&amp#27;[39m Signer #1 certificate SHA-256 digest: fac61745dc0903786fb9ede62a962b399f7348f0bb6f899b8332667591033b9c
[debug] &amp#27;[35m[ADB]&amp#27;[39m Signer #1 certificate SHA-1 digest: 5e8f16062ea3cd2c4a0d547876baa6f38cabf625
[debug] &amp#27;[35m[ADB]&amp#27;[39m Signer #1 certificate MD5 digest: 20f46148b72d8e5e5ca23d37a4f41490
[debug] &amp#27;[35m[ADB]&amp#27;[39m 
&amp#27;[35m[ADB]&amp#27;[39m '/Users/kamaljhinjer/Documents/Mac_Coding/AndroidAutomation/src/sofadog-debug-services-4.5.3-2.apk' is signed with a non-default certificate
[debug] &amp#27;[35m[ADB]&amp#27;[39m Getting install status for dog.fa.so.app
[debug] &amp#27;[35m[ADB]&amp#27;[39m Running '/Users/kamaljhinjer/Library/Android/sdk/platform-tools/adb -P 5037 -s emulator-5554 shell dumpsys package dog.fa.so.app'
[debug] &amp#27;[35m[ADB]&amp#27;[39m 'dog.fa.so.app' is installed
[debug] &amp#27;[35m[ADB]&amp#27;[39m Getting package info for 'dog.fa.so.app'
[debug] &amp#27;[35m[ADB]&amp#27;[39m Running '/Users/kamaljhinjer/Library/Android/sdk/platform-tools/adb -P 5037 -s emulator-5554 shell dumpsys package dog.fa.so.app'
[debug] &amp#27;[35m[ADB]&amp#27;[39m The version name of the installed 'dog.fa.so.app' is greater or equal to the application version name ('4.5.1' >= '4.5.1')
[debug] &amp#27;[35m[ADB]&amp#27;[39m There is no need to install/upgrade '/Users/kamaljhinjer/Documents/Mac_Coding/AndroidAutomation/src/sofadog-debug-services-4.5.3-2.apk'
&amp#27;[35m[AndroidDriver]&amp#27;[39m Performing fast reset on 'dog.fa.so.app'
[debug] &amp#27;[35m[ADB]&amp#27;[39m Getting install status for dog.fa.so.app
[debug] &amp#27;[35m[ADB]&amp#27;[39m Running '/Users/kamaljhinjer/Library/Android/sdk/platform-tools/adb -P 5037 -s emulator-5554 shell dumpsys package dog.fa.so.app'
[debug] &amp#27;[35m[ADB]&amp#27;[39m 'dog.fa.so.app' is installed
[debug] &amp#27;[35m[ADB]&amp#27;[39m Running '/Users/kamaljhinjer/Library/Android/sdk/platform-tools/adb -P 5037 -s emulator-5554 shell am force-stop dog.fa.so.app'
[debug] &amp#27;[35m[ADB]&amp#27;[39m Running '/Users/kamaljhinjer/Library/Android/sdk/platform-tools/adb -P 5037 -s emulator-5554 shell pm clear dog.fa.so.app'
[debug] &amp#27;[35m[AndroidDriver]&amp#27;[39m Performed fast reset on the installed 'dog.fa.so.app' application (stop and clear)
[debug] &amp#27;[35m[UiAutomator2]&amp#27;[39m Performing shallow cleanup of automation leftovers
[debug] &amp#27;[35m[UiAutomator2]&amp#27;[39m The following obsolete sessions are still running: ["df6f27fe-a7e7-468d-be4f-241d0dbe450e"]
[debug] &amp#27;[35m[UiAutomator2]&amp#27;[39m Cleaning up 1 obsolete session
[debug] &amp#27;[35m[ADB]&amp#27;[39m Running '/Users/kamaljhinjer/Library/Android/sdk/platform-tools/adb -P 5037 -s emulator-5554 shell am force-stop io.appium.uiautomator2.server.test'
&amp#27;[35m[UiAutomator2]&amp#27;[39m Starting UIAutomator2 server 4.27.0
&amp#27;[35m[UiAutomator2]&amp#27;[39m Using UIAutomator2 server from '/usr/local/lib/node_modules/appium/node_modules/appium-uiautomator2-server/apks/appium-uiautomator2-server-v4.27.0.apk' and test from '/usr/local/lib/node_modules/appium/node_modules/appium-uiautomator2-server/apks/appium-uiautomator2-server-debug-androidTest.apk'
&amp#27;[35m[UiAutomator2]&amp#27;[39m Waiting up to 30000ms for UiAutomator2 to be online...
[debug] &amp#27;[35m[ADB]&amp#27;[39m Creating ADB subprocess with args: ["-P",5037,"-s","emulator-5554","shell","am","instrument","-w","-e","disableAnalytics",true,"io.appium.uiautomator2.server.test/androidx.test.runner.AndroidJUnitRunner"]
[debug] &amp#27;[35m[WD Proxy]&amp#27;[39m Matched '/status' to command name 'getStatus'
[debug] &amp#27;[35m[WD Proxy]&amp#27;[39m Proxying [GET /status] to [GET http://127.0.0.1:8208/wd/hub/status] with no body
&amp#27;[35m[WD Proxy]&amp#27;[39m socket hang up
[debug] &amp#27;[35m[WD Proxy]&amp#27;[39m Matched '/status' to command name 'getStatus'
[debug] &amp#27;[35m[WD Proxy]&amp#27;[39m Proxying [GET /status] to [GET http://127.0.0.1:8208/wd/hub/status] with no body
&amp#27;[35m[WD Proxy]&amp#27;[39m socket hang up
[debug] &amp#27;[35m[Instrumentation]&amp#27;[39m io.appium.uiautomator2.server.test.AppiumUiAutomator2Server:
[debug] &amp#27;[35m[WD Proxy]&amp#27;[39m Matched '/status' to command name 'getStatus'
[debug] &amp#27;[35m[WD Proxy]&amp#27;[39m Proxying [GET /status] to [GET http://127.0.0.1:8208/wd/hub/status] with no body
&amp#27;[35m[WD Proxy]&amp#27;[39m socket hang up
[debug] &amp#27;[35m[WD Proxy]&amp#27;[39m Matched '/status' to command name 'getStatus'
[debug] &amp#27;[35m[WD Proxy]&amp#27;[39m Proxying [GET /status] to [GET http://127.0.0.1:8208/wd/hub/status] with no body
[debug] &amp#27;[35m[WD Proxy]&amp#27;[39m Got response with status 200: {"sessionId":"None","value":{"message":"UiAutomator2 Server is ready to accept commands","ready":true}}
[debug] &amp#27;[35m[UiAutomator2]&amp#27;[39m The initialization of the instrumentation process took 3189ms
[debug] &amp#27;[35m[WD Proxy]&amp#27;[39m Matched '/session' to command name 'createSession'
[debug] &amp#27;[35m[WD Proxy]&amp#27;[39m Proxying [POST /session] to [POST http://127.0.0.1:8208/wd/hub/session] with body: {"capabilities":{"firstMatch":[{"platform":"LINUX","webStorageEnabled":false,"takesScreenshot":true,"javascriptEnabled":true,"databaseEnabled":false,"networkConnectionEnabled":true,"locationContextEnabled":false,"warnings":{},"desired":{"platformName":"android","app":"/Users/kamaljhinjer/Documents/Mac_Coding/AndroidAutomation/src/sofadog-debug-services-4.5.3-2.apk","automationName":"uiautomator2","chromedriverExecutable":"/Users/kamaljhinjer/Documents/Mac_Coding/AndroidAutomation/src/chromedriver/chromedriver","deviceName":"Emulator_Pixel2XL","newCommandTimeout":180},"platformName":"android","app":"/Users/kamaljhinjer/Documents/Mac_Coding/AndroidAutomation/src/sofadog-debug-services-4.5.3-2.apk","automationName":"uiautomator2","chromedriverExecutable":"/Users/kamaljhinjer/Documents/Mac_Coding/AndroidAutomation/src/chromedriver/chromedriver","deviceName":"emulator-5554","newCommandTimeout":180,"deviceUDID":"emulator-5554","appPackage":"dog.fa.so.app"}],"alwaysMatch":{}}}
[debug] &amp#27;[35m[WD Proxy]&amp#27;[39m Got response with status 200: {"sessionId":"ae5a4bea-c2cc-4752-b9bf-35aef89a3ce2","value":{"capabilities":{"firstMatch":[{"platform":"LINUX","webStorageEnabled":false,"takesScreenshot":true,"javascriptEnabled":true,"databaseEnabled":false,"networkConnectionEnabled":true,"locationContextEnabled":false,"warnings":{},"desired":{"platformName":"android","app":"/Users/kamaljhinjer/Documents/Mac_Coding/AndroidAutomation/src/sofadog-debug-services-4.5.3-2.apk","automationName":"uiautomator2","chromedriverExecutable":"/Users/kamaljhinjer/Documents/Mac_Coding/AndroidAutomation/src/chromedriver/chromedriver","deviceName":"Emulator_Pixel2XL","newCommandTimeout":180},"platformName":"android","app":"/Users/kamaljhinjer/Documents/Mac_Coding/AndroidAutomation/src/sofadog-debug-services-4.5.3-2.apk","automationName":"uiautomator2","chromedriverExecutable":"/Users/kamaljhinjer/Documents/Mac_Coding/AndroidAutomation/src/chromedriver/chromedriver","deviceName":"emulator-5554","newCommandTimeout":180,"deviceUDID":"emulator-5554","appPackage":"dog.fa.so.ap...
&amp#27;[35m[WD Proxy]&amp#27;[39m Determined the downstream protocol as 'W3C'
[debug] &amp#27;[35m[WD Proxy]&amp#27;[39m Proxying [GET /appium/device/info] to [GET http://127.0.0.1:8208/wd/hub/session/ae5a4bea-c2cc-4752-b9bf-35aef89a3ce2/appium/device/info] with no body
[debug] &amp#27;[35m[WD Proxy]&amp#27;[39m Got response with status 200: {"sessionId":"ae5a4bea-c2cc-4752-b9bf-35aef89a3ce2","value":{"androidId":"489d6660c2445b4e","apiVersion":"31","bluetooth":{"state":"OFF"},"brand":"google","carrierName":"T-Mobile","displayDensity":560,"locale":"en_US","manufacturer":"Google","model":"sdk_gphone64_x86_64","networks":[{"capabilities":{"SSID":null,"linkDownBandwidthKbps":4300,"linkUpstreamBandwidthKbps":1800,"networkCapabilities":"NET_CAPABILITY_MMS,NET_CAPABILITY_SUPL,NET_CAPABILITY_DUN,NET_CAPABILITY_FOTA,NET_CAPABILITY_IMS,NET_CAPABILITY_CBS,NET_CAPABILITY_INTERNET,NET_CAPABILITY_NOT_RESTRICTED,NET_CAPABILITY_TRUSTED,NET_CAPABILITY_NOT_VPN,NET_CAPABILITY_VALIDATED,NET_CAPABILITY_NOT_ROAMING,NET_CAPABILITY_NOT_CONGESTED,NET_CAPABILITY_NOT_SUSPENDED","signalStrength":-2147483648,"transportTypes":"TRANSPORT_CELLULAR"},"detailedState":"CONNECTED","extraInfo":"epc.tmobile.com","isAvailable":true,"isConnected":true,"isFailover":false,"isRoaming":false,"state":"CONNECTED","subtype":10,"subtypeName":"HSPA","type":0,"typeName":"MOBILE"},{"capabilit...
[debug] &amp#27;[35m[ADB]&amp#27;[39m Running '/Users/kamaljhinjer/Library/Android/sdk/platform-tools/adb -P 5037 -s emulator-5554 shell dumpsys window'
&amp#27;[35m[AndroidDriver]&amp#27;[39m Screen already unlocked, doing nothing
&amp#27;[35m[UiAutomator2]&amp#27;[39m Starting 'dog.fa.so.app/dog.fa.so.app.MainActivity and waiting for 'dog.fa.so.app/dog.fa.so.app.MainActivity'
[debug] &amp#27;[35m[ADB]&amp#27;[39m Running '/Users/kamaljhinjer/Library/Android/sdk/platform-tools/adb -P 5037 -s emulator-5554 shell am start -W -n dog.fa.so.app/dog.fa.so.app.MainActivity -S -a android.intent.action.MAIN -c android.intent.category.LAUNCHER -f 0x10200000'
[debug] &amp#27;[35m[ADB]&amp#27;[39m Waiting up to 20000ms for activity matching pkg: 'dog.fa.so.app' and activity: 'dog.fa.so.app.MainActivity' to be focused
[debug] &amp#27;[35m[ADB]&amp#27;[39m Possible activities, to be checked: 'dog.fa.so.app.MainActivity', 'dog.fa.so.app.dog.fa.so.app.MainActivity'
[debug] &amp#27;[35m[ADB]&amp#27;[39m Getting focused package and activity
[debug] &amp#27;[35m[ADB]&amp#27;[39m Running '/Users/kamaljhinjer/Library/Android/sdk/platform-tools/adb -P 5037 -s emulator-5554 shell dumpsys window displays'
[debug] &amp#27;[35m[ADB]&amp#27;[39m Found package: 'dog.fa.so.app' and fully qualified activity name : 'dog.fa.so.app.MainActivity'
[debug] &amp#27;[35m[WD Proxy]&amp#27;[39m Proxying [GET /appium/device/pixel_ratio] to [GET http://127.0.0.1:8208/wd/hub/session/ae5a4bea-c2cc-4752-b9bf-35aef89a3ce2/appium/device/pixel_ratio] with no body
[debug] &amp#27;[35m[WD Proxy]&amp#27;[39m Got response with status 200: {"sessionId":"ae5a4bea-c2cc-4752-b9bf-35aef89a3ce2","value":3.5}
[debug] &amp#27;[35m[WD Proxy]&amp#27;[39m Matched '/appium/device/system_bars' to command name 'getSystemBars'
[debug] &amp#27;[35m[WD Proxy]&amp#27;[39m Proxying [GET /appium/device/system_bars] to [GET http://127.0.0.1:8208/wd/hub/session/ae5a4bea-c2cc-4752-b9bf-35aef89a3ce2/appium/device/system_bars] with no body
[debug] &amp#27;[35m[WD Proxy]&amp#27;[39m Got response with status 200: {"sessionId":"ae5a4bea-c2cc-4752-b9bf-35aef89a3ce2","value":{"statusBar":98}}
[debug] &amp#27;[35m[WD Proxy]&amp#27;[39m Matched '/window/current/size' to command name 'getWindowSize'
[debug] &amp#27;[35m[WD Proxy]&amp#27;[39m Proxying [GET /window/current/size] to [GET http://127.0.0.1:8208/wd/hub/session/ae5a4bea-c2cc-4752-b9bf-35aef89a3ce2/window/current/size] with no body
[debug] &amp#27;[35m[WD Proxy]&amp#27;[39m Got response with status 200: {"sessionId":"ae5a4bea-c2cc-4752-b9bf-35aef89a3ce2","value":{"height":2712,"width":1440}}
&amp#27;[35m[Appium]&amp#27;[39m New AndroidUiautomator2Driver session created successfully, session 587fc001-2b30-4c88-9eb5-fa2dca2a30b0 added to master session list
[debug] &amp#27;[35m[BaseDriver]&amp#27;[39m Event 'newSessionStarted' logged at 1654620751751 (22:22:31 GMT+0530 (India Standard Time))
[debug] &amp#27;[35m[W3C (587fc001)]&amp#27;[39m Cached the protocol value 'W3C' for the new session 587fc001-2b30-4c88-9eb5-fa2dca2a30b0
[debug] &amp#27;[35m[W3C (587fc001)]&amp#27;[39m Responding to client with driver.createSession() result: {"capabilities":{"platform":"LINUX","webStorageEnabled":false,"takesScreenshot":true,"javascriptEnabled":true,"databaseEnabled":false,"networkConnectionEnabled":true,"locationContextEnabled":false,"warnings":{},"desired":{"platformName":"android","app":"/Users/kamaljhinjer/Documents/Mac_Coding/AndroidAutomation/src/sofadog-debug-services-4.5.3-2.apk","automationName":"uiautomator2","chromedriverExecutable":"/Users/kamaljhinjer/Documents/Mac_Coding/AndroidAutomation/src/chromedriver/chromedriver","deviceName":"Emulator_Pixel2XL","newCommandTimeout":180},"platformName":"android","app":"/Users/kamaljhinjer/Documents/Mac_Coding/AndroidAutomation/src/sofadog-debug-services-4.5.3-2.apk","automationName":"uiautomator2","chromedriverExecutable":"/Users/kamaljhinjer/Documents/Mac_Coding/AndroidAutomation/src/chromedriver/chromedriver","deviceName":"emulator-5554","newCommandTimeout":180,"deviceUDID":"emulator-5554","appPackage":"dog.fa.so.app","deviceApiLevel":31,"platformVersion":"12","deviceScreenSize":"1440x2880...
&amp#27;[35m[HTTP]&amp#27;[39m &amp#27;[37m<-- POST /wd/hub/session &amp#27;[39m&amp#27;[32m200&amp#27;[39m &amp#27;[90m18652 ms - 1275&amp#27;[39m
&amp#27;[35m[HTTP]&amp#27;[39m &amp#27;[90m&amp#27;[39m
Executing Before Method, Starting Test
&amp#27;[35m[HTTP]&amp#27;[39m &amp#27;[37m-->&amp#27;[39m &amp#27;[37mPOST&amp#27;[39m &amp#27;[37m/wd/hub/session/587fc001-2b30-4c88-9eb5-fa2dca2a30b0/timeouts&amp#27;[39m
&amp#27;[35m[HTTP]&amp#27;[39m &amp#27;[90m{"implicit":15000}&amp#27;[39m
[debug] &amp#27;[35m[W3C (587fc001)]&amp#27;[39m Calling AppiumDriver.timeouts() with args: [null,null,null,null,15000,"587fc001-2b30-4c88-9eb5-fa2dca2a30b0"]
[debug] &amp#27;[35m[BaseDriver]&amp#27;[39m W3C timeout argument: {"implicit":15000}}
[debug] &amp#27;[35m[BaseDriver]&amp#27;[39m Set implicit wait to 15000ms
[debug] &amp#27;[35m[W3C (587fc001)]&amp#27;[39m Responding to client with driver.timeouts() result: null
&amp#27;[35m[HTTP]&amp#27;[39m &amp#27;[37m<-- POST /wd/hub/session/587fc001-2b30-4c88-9eb5-fa2dca2a30b0/timeouts &amp#27;[39m&amp#27;[32m200&amp#27;[39m &amp#27;[90m4 ms - 14&amp#27;[39m
&amp#27;[35m[HTTP]&amp#27;[39m &amp#27;[90m&amp#27;[39m
Wait for application to load
swipeScreen() Method : dir: 'LEFT'
&amp#27;[35m[HTTP]&amp#27;[39m &amp#27;[37m-->&amp#27;[39m &amp#27;[37mGET&amp#27;[39m &amp#27;[37m/wd/hub/session/587fc001-2b30-4c88-9eb5-fa2dca2a30b0/window/rect&amp#27;[39m
&amp#27;[35m[HTTP]&amp#27;[39m &amp#27;[90m{}&amp#27;[39m
[debug] &amp#27;[35m[W3C (587fc001)]&amp#27;[39m Calling AppiumDriver.getWindowRect() with args: ["587fc001-2b30-4c88-9eb5-fa2dca2a30b0"]
[debug] &amp#27;[35m[WD Proxy]&amp#27;[39m Matched '/window/current/size' to command name 'getWindowSize'
[debug] &amp#27;[35m[WD Proxy]&amp#27;[39m Proxying [GET /window/current/size] to [GET http://127.0.0.1:8208/wd/hub/session/ae5a4bea-c2cc-4752-b9bf-35aef89a3ce2/window/current/size] with no body
[debug] &amp#27;[35m[WD Proxy]&amp#27;[39m Got response with status 200: {"sessionId":"ae5a4bea-c2cc-4752-b9bf-35aef89a3ce2","value":{"height":2712,"width":1440}}
[debug] &amp#27;[35m[W3C (587fc001)]&amp#27;[39m Responding to client with driver.getWindowRect() result: {"width":1440,"height":2712,"x":0,"y":0}
&amp#27;[35m[HTTP]&amp#27;[39m &amp#27;[37m<-- GET /wd/hub/session/587fc001-2b30-4c88-9eb5-fa2dca2a30b0/window/rect &amp#27;[39m&amp#27;[32m200&amp#27;[39m &amp#27;[90m40 ms - 50&amp#27;[39m
&amp#27;[35m[HTTP]&amp#27;[39m &amp#27;[90m&amp#27;[39m
The Screen Width is : 1440
&amp#27;[35m[HTTP]&amp#27;[39m &amp#27;[37m-->&amp#27;[39m &amp#27;[37mPOST&amp#27;[39m &amp#27;[37m/wd/hub/session/587fc001-2b30-4c88-9eb5-fa2dca2a30b0/touch/perform&amp#27;[39m
&amp#27;[35m[HTTP]&amp#27;[39m &amp#27;[90m{"actions":[{"action":"press","options":{"x":1400,"y":1356}},{"action":"wait","options":{"ms":200}},{"action":"moveTo","options":{"x":10,"y":1356}},{"action":"release","options":{}}]}&amp#27;[39m
[debug] &amp#27;[35m[W3C (587fc001)]&amp#27;[39m Calling AppiumDriver.performTouch() with args: [[{"action":"press","options":{"x":1400,"y":1356}},{"action":"wait","options":{"ms":200}},{"action":"moveTo","options":{"x":10,"y":1356}},{"action":"release","options":{}}],"587fc001-2b30-4c88-9eb5-fa2dca2a30b0"]
[debug] &amp#27;[35m[WD Proxy]&amp#27;[39m Matched '/touch/perform' to command name 'performTouch'
[debug] &amp#27;[35m[WD Proxy]&amp#27;[39m Proxying [POST /touch/perform] to [POST http://127.0.0.1:8208/wd/hub/session/ae5a4bea-c2cc-4752-b9bf-35aef89a3ce2/touch/perform] with body: {"startX":1400,"startY":1356,"endX":10,"endY":1356,"steps":6}
[debug] &amp#27;[35m[WD Proxy]&amp#27;[39m Got response with status 200: {"sessionId":"ae5a4bea-c2cc-4752-b9bf-35aef89a3ce2","value":null}
[debug] &amp#27;[35m[W3C (587fc001)]&amp#27;[39m Responding to client with driver.performTouch() result: null
&amp#27;[35m[HTTP]&amp#27;[39m &amp#27;[37m<-- POST /wd/hub/session/587fc001-2b30-4c88-9eb5-fa2dca2a30b0/touch/perform &amp#27;[39m&amp#27;[32m200&amp#27;[39m &amp#27;[90m1410 ms - 14&amp#27;[39m
&amp#27;[35m[HTTP]&amp#27;[39m &amp#27;[90m&amp#27;[39m
1st Widget Swipe Executed
swipeScreen() Method : dir: 'LEFT'
&amp#27;[35m[HTTP]&amp#27;[39m &amp#27;[37m-->&amp#27;[39m &amp#27;[37mGET&amp#27;[39m &amp#27;[37m/wd/hub/session/587fc001-2b30-4c88-9eb5-fa2dca2a30b0/window/rect&amp#27;[39m
&amp#27;[35m[HTTP]&amp#27;[39m &amp#27;[90m{}&amp#27;[39m
[debug] &amp#27;[35m[W3C (587fc001)]&amp#27;[39m Calling AppiumDriver.getWindowRect() with args: ["587fc001-2b30-4c88-9eb5-fa2dca2a30b0"]
[debug] &amp#27;[35m[WD Proxy]&amp#27;[39m Matched '/window/current/size' to command name 'getWindowSize'
[debug] &amp#27;[35m[WD Proxy]&amp#27;[39m Proxying [GET /window/current/size] to [GET http://127.0.0.1:8208/wd/hub/session/ae5a4bea-c2cc-4752-b9bf-35aef89a3ce2/window/current/size] with no body
[debug] &amp#27;[35m[WD Proxy]&amp#27;[39m Got response with status 200: {"sessionId":"ae5a4bea-c2cc-4752-b9bf-35aef89a3ce2","value":{"height":2712,"width":1440}}
[debuThe Screen Width is : 1440
g] &amp#27;[35m[W3C (587fc001)]&amp#27;[39m Responding to client with driver.getWindowRect() result: {"width":1440,"height":2712,"x":0,"y":0}
&amp#27;[35m[HTTP]&amp#27;[39m &amp#27;[37m<-- GET /wd/hub/session/587fc001-2b30-4c88-9eb5-fa2dca2a30b0/window/rect &amp#27;[39m&amp#27;[32m200&amp#27;[39m &amp#27;[90m19 ms - 50&amp#27;[39m
&amp#27;[35m[HTTP]&amp#27;[39m &amp#27;[90m&amp#27;[39m
&amp#27;[35m[HTTP]&amp#27;[39m &amp#27;[37m-->&amp#27;[39m &amp#27;[37mPOST&amp#27;[39m &amp#27;[37m/wd/hub/session/587fc001-2b30-4c88-9eb5-fa2dca2a30b0/touch/perform&amp#27;[39m
&amp#27;[35m[HTTP]&amp#27;[39m &amp#27;[90m{"actions":[{"action":"press","options":{"x":1400,"y":1356}},{"action":"wait","options":{"ms":200}},{"action":"moveTo","options":{"x":10,"y":1356}},{"action":"release","options":{}}]}&amp#27;[39m
[debug] &amp#27;[35m[W3C (587fc001)]&amp#27;[39m Calling AppiumDriver.performTouch() with args: [[{"action":"press","options":{"x":1400,"y":1356}},{"action":"wait","options":{"ms":200}},{"action":"moveTo","options":{"x":10,"y":1356}},{"action":"release","options":{}}],"587fc001-2b30-4c88-9eb5-fa2dca2a30b0"]
[debug] &amp#27;[35m[WD Proxy]&amp#27;[39m Matched '/touch/perform' to command name 'performTouch'
[debug] &amp#27;[35m[WD Proxy]&amp#27;[39m Proxying [POST /touch/perform] to [POST http://127.0.0.1:8208/wd/hub/session/ae5a4bea-c2cc-4752-b9bf-35aef89a3ce2/touch/perform] with body: {"startX":1400,"startY":1356,"endX":10,"endY":1356,"steps":6}
[debug] &amp#27;[35m[WD Proxy]&amp#27;[39m Got response with status 200: {"sessionId":"ae5a4bea-c2cc-4752-b9bf-35aef89a3ce2","value":null}
[debug] &amp#27;[35m[W3C (587fc001)]&amp#27;[39m Responding to client with driver.performTouch() result: null
&amp#27;[35m[HTTP]&amp#27;[39m &amp#27;[37m<-- POST /wd/hub/session/587fc001-2b30-4c88-9eb5-fa2dca2a30b0/touch/perform &amp#27;[39m&amp#27;[32m200&amp#27;[39m &amp#27;[90m1363 ms - 14&amp#27;[39m
&amp#27;[35m[HTTP]&amp#27;[39m &amp#27;[90m&amp#27;[39m
2nd Widget Swipe Executed
swipeScreen() Method : dir: 'LEFT'
&amp#27;[35m[HTTP]&amp#27;[39m &amp#27;[37m-->&amp#27;[39m &amp#27;[37mGET&amp#27;[39m &amp#27;[37m/wd/hub/session/587fc001-2b30-4c88-9eb5-fa2dca2a30b0/window/rect&amp#27;[39m
&amp#27;[35m[HTTP]&amp#27;[39m &amp#27;[90m{}&amp#27;[39m
[debug] &amp#27;[35m[W3C (587fc001)]&amp#27;[39m Calling AppiumDriver.getWindowRect() with args: ["587fc001-2b30-4c88-9eb5-fa2dca2a30b0"]
[debug] &amp#27;[35m[WD Proxy]&amp#27;[39m Matched '/window/current/size' to command name 'getWindowSize'
[debug] &amp#27;[35m[WD Proxy]&amp#27;[39m Proxying [GET /window/current/size] to [GET http://127.0.0.1:8208/wd/hub/session/ae5a4bea-c2cc-4752-b9bf-35aef89a3ce2/window/current/size] with no body
[debug] &amp#27;[35m[WD Proxy]&amp#27;[39m Got response with status 200: {"sessionId":"ae5a4bea-c2cc-4752-b9bf-35aef89a3ce2","value":{"height":2712,"width":The Screen Width is : 1440
1440}}
[debug] &amp#27;[35m[W3C (587fc001)]&amp#27;[39m Responding to client with driver.getWindowRect() result: {"width":1440,"height":2712,"x":0,"y":0}
&amp#27;[35m[HTTP]&amp#27;[39m &amp#27;[37m<-- GET /wd/hub/session/587fc001-2b30-4c88-9eb5-fa2dca2a30b0/window/rect &amp#27;[39m&amp#27;[32m200&amp#27;[39m &amp#27;[90m59 ms - 50&amp#27;[39m
&amp#27;[35m[HTTP]&amp#27;[39m &amp#27;[90m&amp#27;[39m
&amp#27;[35m[HTTP]&amp#27;[39m &amp#27;[37m-->&amp#27;[39m &amp#27;[37mPOST&amp#27;[39m &amp#27;[37m/wd/hub/session/587fc001-2b30-4c88-9eb5-fa2dca2a30b0/touch/perform&amp#27;[39m
&amp#27;[35m[HTTP]&amp#27;[39m &amp#27;[90m{"actions":[{"action":"press","options":{"x":1400,"y":1356}},{"action":"wait","options":{"ms":200}},{"action":"moveTo","options":{"x":10,"y":1356}},{"action":"release","options":{}}]}&amp#27;[39m
[debug] &amp#27;[35m[W3C (587fc001)]&amp#27;[39m Calling AppiumDriver.performTouch() with args: [[{"action":"press","options":{"x":1400,"y":1356}},{"action":"wait","options":{"ms":200}},{"action":"moveTo","options":{"x":10,"y":1356}},{"action":"release","options":{}}],"587fc001-2b30-4c88-9eb5-fa2dca2a30b0"]
[debug] &amp#27;[35m[WD Proxy]&amp#27;[39m Matched '/touch/perform' to command name 'performTouch'
[debug] &amp#27;[35m[WD Proxy]&amp#27;[39m Proxying [POST /touch/perform] to [POST http://127.0.0.1:8208/wd/hub/session/ae5a4bea-c2cc-4752-b9bf-35aef89a3ce2/touch/perform] with body: {"startX":1400,"startY":1356,"endX":10,"endY":1356,"steps":6}
[debug] &amp#27;[35m[WD Proxy]&amp#27;[39m Got response with status 200: {"sessionId":"ae5a4bea-c2cc-4752-b9bf-35aef89a3ce2","value":null}
[debug] &amp#27;[35m[W3C (587fc001)]&amp#27;[39m Responding to client with driver.performTouch() result: null
&amp#27;[35m[HTTP]&amp#27;[39m &amp#27;[37m<-- POST /wd/hub/session/587fc001-2b30-4c88-9eb5-fa2dca2a30b0/touch/perform &amp#27;[39m&amp#27;[32m200&amp#27;[39m &amp#27;[90m1359 ms - 14&amp#27;[39m
&amp#27;[35m[HTTP]&amp#27;[39m &amp#27;[90m&amp#27;[39m
3rd Widget Swipe Executed
swipeScreen() Method : dir: 'LEFT'
&amp#27;[35m[HTTP]&amp#27;[39m &amp#27;[37m-->&amp#27;[39m &amp#27;[37mGET&amp#27;[39m &amp#27;[37m/wd/hub/session/587fc001-2b30-4c88-9eb5-fa2dca2a30b0/window/rect&amp#27;[39m
&amp#27;[35m[HTTP]&amp#27;[39m &amp#27;[90m{}&amp#27;[39m
[debug] &amp#27;[35m[W3C (587fc001)]&amp#27;[39m Calling AppiumDriver.getWindowRect() with args: ["587fc001-2b30-4c88-9eb5-fa2dca2a30b0"]
[debug] &amp#27;[35m[WD Proxy]&amp#27;[39m Matched '/window/current/size' to command name 'getWindowSize'
[debug] &amp#27;[35m[WD Proxy]&amp#27;[39m Proxying [GET /window/current/size] to [GET http://127.0.0.1:8208/wd/hub/session/ae5a4bea-c2cc-4752-b9bf-35aef89a3ce2/window/current/size] with no body
[debug] &amp#27;[35m[WD Proxy]&amp#27;[39m Got response with status 200: {"sessionId":"ae5a4bea-c2cc-4752-b9bf-35aef89a3ce2","value":{"height":2712,"width":1440}}
[dThe Screen Width is : 1440
ebug] &amp#27;[35m[W3C (587fc001)]&amp#27;[39m Responding to client with driver.getWindowRect() result: {"width":1440,"height":2712,"x":0,"y":0}
&amp#27;[35m[HTTP]&amp#27;[39m &amp#27;[37m<-- GET /wd/hub/session/587fc001-2b30-4c88-9eb5-fa2dca2a30b0/window/rect &amp#27;[39m&amp#27;[32m200&amp#27;[39m &amp#27;[90m27 ms - 50&amp#27;[39m
&amp#27;[35m[HTTP]&amp#27;[39m &amp#27;[90m&amp#27;[39m
&amp#27;[35m[HTTP]&amp#27;[39m &amp#27;[37m-->&amp#27;[39m &amp#27;[37mPOST&amp#27;[39m &amp#27;[37m/wd/hub/session/587fc001-2b30-4c88-9eb5-fa2dca2a30b0/touch/perform&amp#27;[39m
&amp#27;[35m[HTTP]&amp#27;[39m &amp#27;[90m{"actions":[{"action":"press","options":{"x":1400,"y":1356}},{"action":"wait","options":{"ms":200}},{"action":"moveTo","options":{"x":10,"y":1356}},{"action":"release","options":{}}]}&amp#27;[39m
[debug] &amp#27;[35m[W3C (587fc001)]&amp#27;[39m Calling AppiumDriver.performTouch() with args: [[{"action":"press","options":{"x":1400,"y":1356}},{"action":"wait","options":{"ms":200}},{"action":"moveTo","options":{"x":10,"y":1356}},{"action":"release","options":{}}],"587fc001-2b30-4c88-9eb5-fa2dca2a30b0"]
[debug] &amp#27;[35m[WD Proxy]&amp#27;[39m Matched '/touch/perform' to command name 'performTouch'
[debug] &amp#27;[35m[WD Proxy]&amp#27;[39m Proxying [POST /touch/perform] to [POST http://127.0.0.1:8208/wd/hub/session/ae5a4bea-c2cc-4752-b9bf-35aef89a3ce2/touch/perform] with body: {"startX":1400,"startY":1356,"endX":10,"endY":1356,"steps":6}
[debug] &amp#27;[35m[WD Proxy]&amp#27;[39m Got response with status 200: {"sessionId":"ae5a4bea-c2cc-4752-b9bf-35aef89a3ce2","value":null}
[debug] &amp#27;[35m[W3C (587fc001)]&amp#27;[39m Responding to client with driver.performTouch() result: null
&amp#27;[35m[HTTP]&amp#27;[39m &amp#27;[37m<-- POST /wd/hub/session/587fc001-2b30-4c88-9eb5-fa2dca2a30b0/touch/perform &amp#27;[39m&amp#27;[32m200&amp#27;[39m &amp#27;[90m1322 ms - 14&amp#27;[39m
&amp#27;[35m[HTTP]&amp#27;[39m &amp#27;[90m&amp#27;[39m
Last Swipe Executed
&amp#27;[35m[HTTP]&amp#27;[39m &amp#27;[37m-->&amp#27;[39m &amp#27;[37mGET&amp#27;[39m &amp#27;[37m/wd/hub/session/587fc001-2b30-4c88-9eb5-fa2dca2a30b0/context&amp#27;[39m
&amp#27;[35m[HTTP]&amp#27;[39m &amp#27;[90m{}&amp#27;[39m
[debug] &amp#27;[35m[W3C (587fc001)]&amp#27;[39m Calling AppiumDriver.getCurrentContext() with args: ["587fc001-2b30-4c88-9eb5-fa2dca2a30b0"]
[debug] &amp#27;[35m[W3C (587fc001)]&amp#27;[39m Responding to client with driver.getCurrentContext() result: "NATIVE_APP"
&amp#27;[35m[HTTP]&amp#27;[39m &amp#27;[37m<-- GET /wd/hub/session/587fc001-2b30-4c88-9eb5-fa2dca2a30b0/context &amp#27;[39m&amp#27;[32m200&amp#27;[39m &amp#27;[90m1 ms - 22&amp#27;[39m
&amp#27;[35m[HTTP]&amp#27;[39m &amp#27;[90m&amp#27;[39m
&amp#27;[35m[HTTP]&amp#27;[39m &amp#27;[37m-->&amp#27;[39m &amp#27;[37mPOST&amp#27;[39m &amp#27;[37m/wd/hub/session/587fc001-2b30-4c88-9eb5-fa2dca2a30b0/element&amp#27;[39m
&amp#27;[35m[HTTP]&amp#27;[39m &amp#27;[90m{"using":"xpath","value":"//android.widget.TextView[@text='Maybe later']"}&amp#27;[39m
[debug] &amp#27;[35m[W3C (587fc001)]&amp#27;[39m Calling AppiumDriver.findElement() with args: ["xpath","//android.widget.TextView[@text='Maybe later']","587fc001-2b30-4c88-9eb5-fa2dca2a30b0"]
[debug] &amp#27;[35m[BaseDriver]&amp#27;[39m Valid locator strategies for this request: xpath, id, class name, accessibility id, css selector, -android uiautomator
[debug] &amp#27;[35m[BaseDriver]&amp#27;[39m Waiting up to 15000 ms for condition
[debug] &amp#27;[35m[WD Proxy]&amp#27;[39m Matched '/element' to command name 'findElement'
[debug] &amp#27;[35m[WD Proxy]&amp#27;[39m Proxying [POST /element] to [POST http://127.0.0.1:8208/wd/hub/session/ae5a4bea-c2cc-4752-b9bf-35aef89a3ce2/element] with body: {"strategy":"xpath","selector":"//android.widget.TextView[@text='Maybe later']","context":"","multiple":false}
[debug] &amp#27;[35m[WD Proxy]&amp#27;[39m Got response with status 200: {"sessionId":"ae5a4bea-c2cc-4752-b9bf-35aef89a3ce2","value":{"ELEMENT":"00000000-0000-020d-ffff-ffff0000015d","element-6066-11e4-a52e-4f735466cecf":"00000000-0000-020d-ffff-ffff0000015d"}}
[debug] &amp#27;[35m[W3C (587fc001)]&amp#27;[39m Responding to client with driver.findElement() result: {"element-6066-11e4-a52e-4f735466cecf":"00000000-0000-020d-ffff-ffff0000015d","ELEMENT":"00000000-0000-020d-ffff-ffff0000015d"}
&amp#27;[35m[HTTP]&amp#27;[39m &amp#27;[37m<-- POST /wd/hub/session/587fc001-2b30-4c88-9eb5-fa2dca2a30b0/element &amp#27;[39m&amp#27;[32m200&amp#27;[39m &amp#27;[90m2251 ms - 137&amp#27;[39m
&amp#27;[35m[HTTP]&amp#27;[39m &amp#27;[90m&amp#27;[39m
&amp#27;[35m[HTTP]&amp#27;[39m &amp#27;[37m-->&amp#27;[39m &amp#27;[37mGET&amp#27;[39m &amp#27;[37m/wd/hub/session/587fc001-2b30-4c88-9eb5-fa2dca2a30b0/element/00000000-0000-020d-ffff-ffff0000015d/text&amp#27;[39m
&amp#27;[35m[HTTP]&amp#27;[39m &amp#27;[90m{}&amp#27;[39m
&amp#27;[35m[W3C (587fc001)]&amp#27;[39m Driver proxy active, passing request on via HTTP proxy
[debug] &amp#27;[35m[WD Proxy]&amp#27;[39m Matched '/wd/hub/session/587fc001-2b30-4c88-9eb5-fa2dca2a30b0/element/00000000-0000-020d-ffff-ffff0000015d/text' to command name 'getText'
[debug] &amp#27;[35m[WD Proxy]&amp#27;[39m Proxying [GET /wd/hub/session/587fc001-2b30-4c88-9eb5-fa2dca2a30b0/element/00000000-0000-020d-ffff-ffff0000015d/text] to [GET http://127.0.0.1:8208/wd/hub/session/ae5a4bea-c2cc-4752-b9bf-35aef89a3ce2/element/00000000-0000-020d-ffff-ffff0000015d/text] with no body
[debug] &amp#27;[35m[WD Proxy]&amp#27;[39m Got response with status 200: {"sessionId":"ae5a4bea-c2cc-4752-b9bf-35aef89a3ce2","value":"Maybe later"}
&amp#27;[35m[WD Proxy]&amp#27;[39m Replacing sessionId ae5a4bea-c2cc-4752-b9bf-35aef89a3ce2 with 587fc001-2b30-4c88-9eb5-fa2dca2a30b0
&amp#27;[35m[HTTP]&amp#27;[39m &amp#27;[37m<-- GET /wd/hub/session/587fc001-2b30-4c88-9eb5-fa2dca2a30b0/element/00000000-0000-020d-ffff-ffff0000015d/text &amp#27;[39m&amp#27;[32m200&amp#27;[39m &amp#27;[90m198 ms - 74&amp#27;[39m
&amp#27;[35m[HTTP]&amp#27;[39m &amp#27;[90m&amp#27;[39m
]]></system-out>
    <system-err><![CDATA[Jun 07, 2022 10:22:31 PM io.appium.java_client.remote.AppiumCommandExecutor$1 lambda$0
INFO: Detected dialect: W3C
]]></system-err>
  </testcase>
  <testcase name="SmokeTestCase" classname="SoFaDog.AndroidAutomation.SmokeTest" time="128.311">
    <system-out><![CDATA[Executing After Method and Confirming the Test was executed
Execute After Class
Execute Before Class & passing capabilities to driver every time the Test's Start in New Class
&amp#27;[35m[HTTP]&amp#27;[39m &amp#27;[37m-->&amp#27;[39m &amp#27;[37mPOST&amp#27;[39m &amp#27;[37m/wd/hub/session&amp#27;[39m
&amp#27;[35m[HTTP]&amp#27;[39m &amp#27;[90m{"desiredCapabilities":{"app":"/Users/kamaljhinjer/Documents/Mac_Coding/AndroidAutomation/src/sofadog-debug-services-4.5.3-2.apk","chromedriverExecutable":"/Users/kamaljhinjer/Documents/Mac_Coding/AndroidAutomation/src/chromedriver/chromedriver","newCommandTimeout":180,"automationName":"uiautomator2","platformName":"Android","deviceName":"Emulator_Pixel2XL"},"capabilities":{"firstMatch":[{"appium:app":"/Users/kamaljhinjer/Documents/Mac_Coding/AndroidAutomation/src/sofadog-debug-services-4.5.3-2.apk","appium:automationName":"uiautomator2","appium:chromedriverExecutable":"/Users/kamaljhinjer/Documents/Mac_Coding/AndroidAutomation/src/chromedriver/chromedriver","appium:deviceName":"Emulator_Pixel2XL","appium:newCommandTimeout":180,"platformName":"android"}]}}&amp#27;[39m
[debug] &amp#27;[35m[W3C]&amp#27;[39m Calling AppiumDriver.createSession() with args: [{"app":"/Users/kamaljhinjer/Documents/Mac_Coding/AndroidAutomation/src/sofadog-debug-services-4.5.3-2.apk","chromedriverExecutable":"/Users/kamaljhinjer/Documents/Mac_Coding/AndroidAutomation/src/chromedriver/chromedriver","newCommandTimeout":180,"automationName":"uiautomator2","platformName":"Android","deviceName":"Emulator_Pixel2XL"},null,{"firstMatch":[{"appium:app":"/Users/kamaljhinjer/Documents/Mac_Coding/AndroidAutomation/src/sofadog-debug-services-4.5.3-2.apk","appium:automationName":"uiautomator2","appium:chromedriverExecutable":"/Users/kamaljhinjer/Documents/Mac_Coding/AndroidAutomation/src/chromedriver/chromedriver","appium:deviceName":"Emulator_Pixel2XL","appium:newCommandTimeout":180,"platformName":"android"}]}]
[debug] &amp#27;[35m[BaseDriver]&amp#27;[39m Event 'newSessionRequested' logged at 1654620820129 (22:23:40 GMT+0530 (India Standard Time))
&amp#27;[35m[Appium]&amp#27;[39m Appium v1.22.3 creating new AndroidUiautomator2Driver (v1.70.1) session
[debug] &amp#27;[35m[BaseDriver]&amp#27;[39m W3C capabilities and MJSONWP desired capabilities were provided
[debug] &amp#27;[35m[BaseDriver]&amp#27;[39m Creating session with W3C capabilities: {
[debug] &amp#27;[35m[BaseDriver]&amp#27;[39m   "alwaysMatch": {
[debug] &amp#27;[35m[BaseDriver]&amp#27;[39m     "platformName": "android",
[debug] &amp#27;[35m[BaseDriver]&amp#27;[39m     "appium:app": "/Users/kamaljhinjer/Documents/Mac_Coding/AndroidAutomation/src/sofadog-debug-services-4.5.3-2.apk",
[debug] &amp#27;[35m[BaseDriver]&amp#27;[39m     "appium:automationName": "uiautomator2",
[debug] &amp#27;[35m[BaseDriver]&amp#27;[39m     "appium:chromedriverExecutable": "/Users/kamaljhinjer/Documents/Mac_Coding/AndroidAutomation/src/chromedriver/chromedriver",
[debug] &amp#27;[35m[BaseDriver]&amp#27;[39m     "appium:deviceName": "Emulator_Pixel2XL",
[debug] &amp#27;[35m[BaseDriver]&amp#27;[39m     "appium:newCommandTimeout": 180
[debug] &amp#27;[35m[BaseDriver]&amp#27;[39m   },
[debug] &amp#27;[35m[BaseDriver]&amp#27;[39m   "firstMatch": [
[debug] &amp#27;[35m[BaseDriver]&amp#27;[39m     {}
[debug] &amp#27;[35m[BaseDriver]&amp#27;[39m   ]
[debug] &amp#27;[35m[BaseDriver]&amp#27;[39m }
&amp#27;[35m[BaseDriver]&amp#27;[39m Session created with session id: dbeb26db-cd3e-4699-a7a4-f9d109b655a2
&amp#27;[35m[BaseDriver]&amp#27;[39m Using local app '/Users/kamaljhinjer/Documents/Mac_Coding/AndroidAutomation/src/sofadog-debug-services-4.5.3-2.apk'
[debug] &amp#27;[35m[UiAutomator2]&amp#27;[39m Checking whether app is actually present
&amp#27;[35m[ADB]&amp#27;[39m Using 'adb' from '/Users/kamaljhinjer/Library/Android/sdk/platform-tools/adb'
[debug] &amp#27;[35m[ADB]&amp#27;[39m Running '/Users/kamaljhinjer/Library/Android/sdk/platform-tools/adb -P 5037 start-server'
&amp#27;[35m[AndroidDriver]&amp#27;[39m Retrieving device list
[debug] &amp#27;[35m[ADB]&amp#27;[39m Trying to find a connected android device
[debug] &amp#27;[35m[ADB]&amp#27;[39m Getting connected devices
[debug] &amp#27;[35m[ADB]&amp#27;[39m Connected devices: [{"udid":"emulator-5554","state":"device"}]
&amp#27;[35m[AndroidDriver]&amp#27;[39m Using device: emulator-5554
&amp#27;[35m[ADB]&amp#27;[39m Using 'adb' from '/Users/kamaljhinjer/Library/Android/sdk/platform-tools/adb'
[debug] &amp#27;[35m[ADB]&amp#27;[39m Running '/Users/kamaljhinjer/Library/Android/sdk/platform-tools/adb -P 5037 start-server'
[debug] &amp#27;[35m[ADB]&amp#27;[39m Setting device id to emulator-5554
[debug] &amp#27;[35m[ADB]&amp#27;[39m Running '/Users/kamaljhinjer/Library/Android/sdk/platform-tools/adb -P 5037 -s emulator-5554 shell getprop ro.build.version.sdk'
[debug] &amp#27;[35m[ADB]&amp#27;[39m Current device property 'ro.build.version.sdk': 31
&amp#27;[35m[ADB]&amp#27;[39m Getting device platform version
[debug] &amp#27;[35m[ADB]&amp#27;[39m Running '/Users/kamaljhinjer/Library/Android/sdk/platform-tools/adb -P 5037 -s emulator-5554 shell getprop ro.build.version.release'
[debug] &amp#27;[35m[ADB]&amp#27;[39m Current device property 'ro.build.version.release': 12
[debug] &amp#27;[35m[ADB]&amp#27;[39m Device API level: 31
&amp#27;[35m[UiAutomator2]&amp#27;[39m Relaxing hidden api policy
[debug] &amp#27;[35m[ADB]&amp#27;[39m Running '/Users/kamaljhinjer/Library/Android/sdk/platform-tools/adb -P 5037 -s emulator-5554 shell 'settings put global hidden_api_policy_pre_p_apps 1;settings put global hidden_api_policy_p_apps 1;settings put global hidden_api_policy 1''
[debug] &amp#27;[35m[AndroidDriver]&amp#27;[39m Parsing package and activity from app manifest
&amp#27;[35m[ADB]&amp#27;[39m Package name: 'dog.fa.so.app'
&amp#27;[35m[ADB]&amp#27;[39m Main activity name: 'dog.fa.so.app.MainActivity'
[debug] &amp#27;[35m[AndroidDriver]&amp#27;[39m Parsed package and activity are: dog.fa.so.app/dog.fa.so.app.MainActivity
[debug] &amp#27;[35m[ADB]&amp#27;[39m Running '/Users/kamaljhinjer/Library/Android/sdk/platform-tools/adb -P 5037 -s emulator-5554 wait-for-device'
[debug] &amp#27;[35m[ADB]&amp#27;[39m Running '/Users/kamaljhinjer/Library/Android/sdk/platform-tools/adb -P 5037 -s emulator-5554 shell echo ping'
[debug] &amp#27;[35m[AndroidDriver]&amp#27;[39m Pushing settings apk to device...
[debug] &amp#27;[35m[ADB]&amp#27;[39m Getting install status for io.appium.settings
[debug] &amp#27;[35m[ADB]&amp#27;[39m Running '/Users/kamaljhinjer/Library/Android/sdk/platform-tools/adb -P 5037 -s emulator-5554 shell dumpsys package io.appium.settings'
[debug] &amp#27;[35m[ADB]&amp#27;[39m 'io.appium.settings' is installed
[debug] &amp#27;[35m[ADB]&amp#27;[39m Getting package info for 'io.appium.settings'
[debug] &amp#27;[35m[ADB]&amp#27;[39m Running '/Users/kamaljhinjer/Library/Android/sdk/platform-tools/adb -P 5037 -s emulator-5554 shell dumpsys package io.appium.settings'
[debug] &amp#27;[35m[ADB]&amp#27;[39m The version name of the installed 'io.appium.settings' is greater or equal to the application version name ('3.4.0' >= '3.4.0')
[debug] &amp#27;[35m[ADB]&amp#27;[39m There is no need to install/upgrade '/usr/local/lib/node_modules/appium/node_modules/io.appium.settings/apks/settings_apk-debug.apk'
[debug] &amp#27;[35m[ADB]&amp#27;[39m Getting IDs of all 'io.appium.settings' processes
[debug] &amp#27;[35m[ADB]&amp#27;[39m Running '/Users/kamaljhinjer/Library/Android/sdk/platform-tools/adb -P 5037 -s emulator-5554 shell 'pgrep --help; echo $?''
[debug] &amp#27;[35m[ADB]&amp#27;[39m Running '/Users/kamaljhinjer/Library/Android/sdk/platform-tools/adb -P 5037 -s emulator-5554 shell pgrep -f \(\[\[:blank:\]\]\|\^\)io\.appium\.settings\(\[\[:blank:\]\]\|\$\)'
[debug] &amp#27;[35m[AndroidDriver]&amp#27;[39m io.appium.settings is already running. There is no need to reset its permissions.
[debug] &amp#27;[35m[Logcat]&amp#27;[39m Starting logs capture with command: /Users/kamaljhinjer/Library/Android/sdk/platform-tools/adb -P 5037 -s emulator-5554 logcat -v threadtime
[debug] &amp#27;[35m[UiAutomator2]&amp#27;[39m Forwarding UiAutomator2 Server port 6790 to local port 8209
[debug] &amp#27;[35m[ADB]&amp#27;[39m Forwarding system: 8209 to device: 6790
[debug] &amp#27;[35m[ADB]&amp#27;[39m Running '/Users/kamaljhinjer/Library/Android/sdk/platform-tools/adb -P 5037 -s emulator-5554 forward tcp:8209 tcp:6790'
&amp#27;[35m[UiAutomator2]&amp#27;[39m Server package at '/usr/local/lib/node_modules/appium/node_modules/appium-uiautomator2-server/apks/appium-uiautomator2-server-v4.27.0.apk' is not writeable. Will copy it into the temporary location at '/var/folders/4f/ggkjk46s0lj0y4w1yj8mpmm00000gn/T/202257-2037-1w3d2k2.siv4' as a workaround. Consider making this file writeable manually in order to improve the performance of session startup.
&amp#27;[35m[UiAutomator2]&amp#27;[39m Server package at '/usr/local/lib/node_modules/appium/node_modules/appium-uiautomator2-server/apks/appium-uiautomator2-server-debug-androidTest.apk' is not writeable. Will copy it into the temporary location at '/var/folders/4f/ggkjk46s0lj0y4w1yj8mpmm00000gn/T/202257-2037-1w3d2k2.siv4' as a workaround. Consider making this file writeable manually in order to improve the performance of session startup.
[debug] &amp#27;[35m[ADB]&amp#27;[39m Getting install status for io.appium.uiautomator2.server
[debug] &amp#27;[35m[ADB]&amp#27;[39m Running '/Users/kamaljhinjer/Library/Android/sdk/platform-tools/adb -P 5037 -s emulator-5554 shell dumpsys package io.appium.uiautomator2.server'
[debug] &amp#27;[35m[ADB]&amp#27;[39m 'io.appium.uiautomator2.server' is installed
[debug] &amp#27;[35m[ADB]&amp#27;[39m Getting package info for 'io.appium.uiautomator2.server'
[debug] &amp#27;[35m[ADB]&amp#27;[39m Running '/Users/kamaljhinjer/Library/Android/sdk/platform-tools/adb -P 5037 -s emulator-5554 shell dumpsys package io.appium.uiautomator2.server'
[debug] &amp#27;[35m[ADB]&amp#27;[39m The version name of the installed 'io.appium.uiautomator2.server' is greater or equal to the application version name ('4.27.0' >= '4.27.0')
[debug] &amp#27;[35m[UiAutomator2]&amp#27;[39m io.appium.uiautomator2.server installation state: sameVersionInstalled
[debug] &amp#27;[35m[ADB]&amp#27;[39m Checking app cert for /var/folders/4f/ggkjk46s0lj0y4w1yj8mpmm00000gn/T/202257-2037-1w3d2k2.siv4/appium-uiautomator2-server-v4.27.0.apk
[debug] &amp#27;[35m[ADB]&amp#27;[39m Using the previously cached signature entry for 'appium-uiautomator2-server-v4.27.0.apk'
[debug] &amp#27;[35m[ADB]&amp#27;[39m sha256 hash did match for 'appium-uiautomator2-server-v4.27.0.apk'
[debug] &amp#27;[35m[ADB]&amp#27;[39m Getting install status for io.appium.uiautomator2.server.test
[debug] &amp#27;[35m[ADB]&amp#27;[39m Running '/Users/kamaljhinjer/Library/Android/sdk/platform-tools/adb -P 5037 -s emulator-5554 shell dumpsys package io.appium.uiautomator2.server.test'
[debug] &amp#27;[35m[ADB]&amp#27;[39m 'io.appium.uiautomator2.server.test' is installed
[debug] &amp#27;[35m[ADB]&amp#27;[39m Checking app cert for /var/folders/4f/ggkjk46s0lj0y4w1yj8mpmm00000gn/T/202257-2037-1w3d2k2.siv4/appium-uiautomator2-server-debug-androidTest.apk
[debug] &amp#27;[35m[ADB]&amp#27;[39m Using the previously cached signature entry for 'appium-uiautomator2-server-debug-androidTest.apk'
[debug] &amp#27;[35m[ADB]&amp#27;[39m sha256 hash did match for 'appium-uiautomator2-server-debug-androidTest.apk'
&amp#27;[35m[UiAutomator2]&amp#27;[39m Server packages are not going to be (re)installed
[debug] &amp#27;[35m[UiAutomator2]&amp#27;[39m Waiting up to 30000ms for services to be available
[debug] &amp#27;[35m[ADB]&amp#27;[39m Running '/Users/kamaljhinjer/Library/Android/sdk/platform-tools/adb -P 5037 -s emulator-5554 shell pm list instrumentation'
[debug] &amp#27;[35m[UiAutomator2]&amp#27;[39m Instrumentation target 'io.appium.uiautomator2.server.test/androidx.test.runner.AndroidJUnitRunner' is available
&amp#27;[35m[ADB]&amp#27;[39m Adding packages ["io.appium.settings","io.appium.uiautomator2.server","io.appium.uiautomator2.server.test"] to Doze whitelist
[debug] &amp#27;[35m[ADB]&amp#27;[39m Got the following command chunks to execute: [["dumpsys","deviceidle","whitelist","+io.appium.settings",";","dumpsys","deviceidle","whitelist","+io.appium.uiautomator2.server",";","dumpsys","deviceidle","whitelist","+io.appium.uiautomator2.server.test",";"]]
[debug] &amp#27;[35m[ADB]&amp#27;[39m Running '/Users/kamaljhinjer/Library/Android/sdk/platform-tools/adb -P 5037 -s emulator-5554 shell dumpsys deviceidle whitelist +io.appium.settings ; dumpsys deviceidle whitelist +io.appium.uiautomator2.server ; dumpsys deviceidle whitelist +io.appium.uiautomator2.server.test ;'
[debug] &amp#27;[35m[ADB]&amp#27;[39m Checking app cert for /Users/kamaljhinjer/Documents/Mac_Coding/AndroidAutomation/src/sofadog-debug-services-4.5.3-2.apk
[debug] &amp#27;[35m[ADB]&amp#27;[39m Using the previously cached signature entry for 'sofadog-debug-services-4.5.3-2.apk'
[debug] &amp#27;[35m[ADB]&amp#27;[39m Getting install status for dog.fa.so.app
[debug] &amp#27;[35m[ADB]&amp#27;[39m Running '/Users/kamaljhinjer/Library/Android/sdk/platform-tools/adb -P 5037 -s emulator-5554 shell dumpsys package dog.fa.so.app'
[debug] &amp#27;[35m[ADB]&amp#27;[39m 'dog.fa.so.app' is installed
[debug] &amp#27;[35m[ADB]&amp#27;[39m Getting package info for 'dog.fa.so.app'
[debug] &amp#27;[35m[ADB]&amp#27;[39m Running '/Users/kamaljhinjer/Library/Android/sdk/platform-tools/adb -P 5037 -s emulator-5554 shell dumpsys package dog.fa.so.app'
[debug] &amp#27;[35m[ADB]&amp#27;[39m The version name of the installed 'dog.fa.so.app' is greater or equal to the application version name ('4.5.1' >= '4.5.1')
[debug] &amp#27;[35m[ADB]&amp#27;[39m There is no need to install/upgrade '/Users/kamaljhinjer/Documents/Mac_Coding/AndroidAutomation/src/sofadog-debug-services-4.5.3-2.apk'
&amp#27;[35m[AndroidDriver]&amp#27;[39m Performing fast reset on 'dog.fa.so.app'
[debug] &amp#27;[35m[ADB]&amp#27;[39m Getting install status for dog.fa.so.app
[debug] &amp#27;[35m[ADB]&amp#27;[39m Running '/Users/kamaljhinjer/Library/Android/sdk/platform-tools/adb -P 5037 -s emulator-5554 shell dumpsys package dog.fa.so.app'
[debug] &amp#27;[35m[ADB]&amp#27;[39m 'dog.fa.so.app' is installed
[debug] &amp#27;[35m[ADB]&amp#27;[39m Running '/Users/kamaljhinjer/Library/Android/sdk/platform-tools/adb -P 5037 -s emulator-5554 shell am force-stop dog.fa.so.app'
[debug] &amp#27;[35m[ADB]&amp#27;[39m Running '/Users/kamaljhinjer/Library/Android/sdk/platform-tools/adb -P 5037 -s emulator-5554 shell pm clear dog.fa.so.app'
[debug] &amp#27;[35m[AndroidDriver]&amp#27;[39m Performed fast reset on the installed 'dog.fa.so.app' application (stop and clear)
[debug] &amp#27;[35m[UiAutomator2]&amp#27;[39m Performing shallow cleanup of automation leftovers
[debug] &amp#27;[35m[UiAutomator2]&amp#27;[39m The following obsolete sessions are still running: ["ae5a4bea-c2cc-4752-b9bf-35aef89a3ce2"]
[debug] &amp#27;[35m[UiAutomator2]&amp#27;[39m Cleaning up 1 obsolete session
[debug] &amp#27;[35m[Instrumentation]&amp#27;[39m .
[debug] &amp#27;[35m[Instrumentation]&amp#27;[39m Time: 80.312
[debug] &amp#27;[35m[Instrumentation]&amp#27;[39m 
[debug] &amp#27;[35m[Instrumentation]&amp#27;[39m OK (1 test)
[debug] &amp#27;[35m[Instrumentation]&amp#27;[39m The process has exited with code 0
[debug] &amp#27;[35m[ADB]&amp#27;[39m Running '/Users/kamaljhinjer/Library/Android/sdk/platform-tools/adb -P 5037 -s emulator-5554 shell am force-stop io.appium.uiautomator2.server.test'
&amp#27;[35m[UiAutomator2]&amp#27;[39m Starting UIAutomator2 server 4.27.0
&amp#27;[35m[UiAutomator2]&amp#27;[39m Using UIAutomator2 server from '/usr/local/lib/node_modules/appium/node_modules/appium-uiautomator2-server/apks/appium-uiautomator2-server-v4.27.0.apk' and test from '/usr/local/lib/node_modules/appium/node_modules/appium-uiautomator2-server/apks/appium-uiautomator2-server-debug-androidTest.apk'
&amp#27;[35m[UiAutomator2]&amp#27;[39m Waiting up to 30000ms for UiAutomator2 to be online...
[debug] &amp#27;[35m[ADB]&amp#27;[39m Creating ADB subprocess with args: ["-P",5037,"-s","emulator-5554","shell","am","instrument","-w","-e","disableAnalytics",true,"io.appium.uiautomator2.server.test/androidx.test.runner.AndroidJUnitRunner"]
[debug] &amp#27;[35m[WD Proxy]&amp#27;[39m Matched '/status' to command name 'getStatus'
[debug] &amp#27;[35m[WD Proxy]&amp#27;[39m Proxying [GET /status] to [GET http://127.0.0.1:8209/wd/hub/status] with no body
&amp#27;[35m[WD Proxy]&amp#27;[39m socket hang up
[debug] &amp#27;[35m[WD Proxy]&amp#27;[39m Matched '/status' to command name 'getStatus'
[debug] &amp#27;[35m[WD Proxy]&amp#27;[39m Proxying [GET /status] to [GET http://127.0.0.1:8209/wd/hub/status] with no body
&amp#27;[35m[WD Proxy]&amp#27;[39m socket hang up
[debug] &amp#27;[35m[Instrumentation]&amp#27;[39m io.appium.uiautomator2.server.test.AppiumUiAutomator2Server:
[debug] &amp#27;[35m[WD Proxy]&amp#27;[39m Matched '/status' to command name 'getStatus'
[debug] &amp#27;[35m[WD Proxy]&amp#27;[39m Proxying [GET /status] to [GET http://127.0.0.1:8209/wd/hub/status] with no body
&amp#27;[35m[WD Proxy]&amp#27;[39m socket hang up
[debug] &amp#27;[35m[WD Proxy]&amp#27;[39m Matched '/status' to command name 'getStatus'
[debug] &amp#27;[35m[WD Proxy]&amp#27;[39m Proxying [GET /status] to [GET http://127.0.0.1:8209/wd/hub/status] with no body
[debug] &amp#27;[35m[WD Proxy]&amp#27;[39m Got response with status 200: {"sessionId":"None","value":{"message":"UiAutomator2 Server is ready to accept commands","ready":true}}
[debug] &amp#27;[35m[UiAutomator2]&amp#27;[39m The initialization of the instrumentation process took 3186ms
[debug] &amp#27;[35m[WD Proxy]&amp#27;[39m Matched '/session' to command name 'createSession'
[debug] &amp#27;[35m[WD Proxy]&amp#27;[39m Proxying [POST /session] to [POST http://127.0.0.1:8209/wd/hub/session] with body: {"capabilities":{"firstMatch":[{"platform":"LINUX","webStorageEnabled":false,"takesScreenshot":true,"javascriptEnabled":true,"databaseEnabled":false,"networkConnectionEnabled":true,"locationContextEnabled":false,"warnings":{},"desired":{"platformName":"android","app":"/Users/kamaljhinjer/Documents/Mac_Coding/AndroidAutomation/src/sofadog-debug-services-4.5.3-2.apk","automationName":"uiautomator2","chromedriverExecutable":"/Users/kamaljhinjer/Documents/Mac_Coding/AndroidAutomation/src/chromedriver/chromedriver","deviceName":"Emulator_Pixel2XL","newCommandTimeout":180},"platformName":"android","app":"/Users/kamaljhinjer/Documents/Mac_Coding/AndroidAutomation/src/sofadog-debug-services-4.5.3-2.apk","automationName":"uiautomator2","chromedriverExecutable":"/Users/kamaljhinjer/Documents/Mac_Coding/AndroidAutomation/src/chromedriver/chromedriver","deviceName":"emulator-5554","newCommandTimeout":180,"deviceUDID":"emulator-5554","appPackage":"dog.fa.so.app"}],"alwaysMatch":{}}}
[debug] &amp#27;[35m[WD Proxy]&amp#27;[39m Got response with status 200: {"sessionId":"1c98a672-d9d0-461a-bb3a-f2e92b7b44d5","value":{"capabilities":{"firstMatch":[{"platform":"LINUX","webStorageEnabled":false,"takesScreenshot":true,"javascriptEnabled":true,"databaseEnabled":false,"networkConnectionEnabled":true,"locationContextEnabled":false,"warnings":{},"desired":{"platformName":"android","app":"/Users/kamaljhinjer/Documents/Mac_Coding/AndroidAutomation/src/sofadog-debug-services-4.5.3-2.apk","automationName":"uiautomator2","chromedriverExecutable":"/Users/kamaljhinjer/Documents/Mac_Coding/AndroidAutomation/src/chromedriver/chromedriver","deviceName":"Emulator_Pixel2XL","newCommandTimeout":180},"platformName":"android","app":"/Users/kamaljhinjer/Documents/Mac_Coding/AndroidAutomation/src/sofadog-debug-services-4.5.3-2.apk","automationName":"uiautomator2","chromedriverExecutable":"/Users/kamaljhinjer/Documents/Mac_Coding/AndroidAutomation/src/chromedriver/chromedriver","deviceName":"emulator-5554","newCommandTimeout":180,"deviceUDID":"emulator-5554","appPackage":"dog.fa.so.ap...
&amp#27;[35m[WD Proxy]&amp#27;[39m Determined the downstream protocol as 'W3C'
[debug] &amp#27;[35m[WD Proxy]&amp#27;[39m Proxying [GET /appium/device/info] to [GET http://127.0.0.1:8209/wd/hub/session/1c98a672-d9d0-461a-bb3a-f2e92b7b44d5/appium/device/info] with no body
[debug] &amp#27;[35m[WD Proxy]&amp#27;[39m Got response with status 200: {"sessionId":"1c98a672-d9d0-461a-bb3a-f2e92b7b44d5","value":{"androidId":"489d6660c2445b4e","apiVersion":"31","bluetooth":{"state":"OFF"},"brand":"google","carrierName":"T-Mobile","displayDensity":560,"locale":"en_US","manufacturer":"Google","model":"sdk_gphone64_x86_64","networks":[{"capabilities":{"SSID":null,"linkDownBandwidthKbps":4300,"linkUpstreamBandwidthKbps":1800,"networkCapabilities":"NET_CAPABILITY_MMS,NET_CAPABILITY_SUPL,NET_CAPABILITY_DUN,NET_CAPABILITY_FOTA,NET_CAPABILITY_IMS,NET_CAPABILITY_CBS,NET_CAPABILITY_INTERNET,NET_CAPABILITY_NOT_RESTRICTED,NET_CAPABILITY_TRUSTED,NET_CAPABILITY_NOT_VPN,NET_CAPABILITY_VALIDATED,NET_CAPABILITY_NOT_ROAMING,NET_CAPABILITY_NOT_CONGESTED,NET_CAPABILITY_NOT_SUSPENDED","signalStrength":-2147483648,"transportTypes":"TRANSPORT_CELLULAR"},"detailedState":"CONNECTED","extraInfo":"epc.tmobile.com","isAvailable":true,"isConnected":true,"isFailover":false,"isRoaming":false,"state":"CONNECTED","subtype":10,"subtypeName":"HSPA","type":0,"typeName":"MOBILE"},{"capabilit...
[debug] &amp#27;[35m[ADB]&amp#27;[39m Running '/Users/kamaljhinjer/Library/Android/sdk/platform-tools/adb -P 5037 -s emulator-5554 shell dumpsys window'
&amp#27;[35m[AndroidDriver]&amp#27;[39m Screen already unlocked, doing nothing
&amp#27;[35m[UiAutomator2]&amp#27;[39m Starting 'dog.fa.so.app/dog.fa.so.app.MainActivity and waiting for 'dog.fa.so.app/dog.fa.so.app.MainActivity'
[debug] &amp#27;[35m[ADB]&amp#27;[39m Running '/Users/kamaljhinjer/Library/Android/sdk/platform-tools/adb -P 5037 -s emulator-5554 shell am start -W -n dog.fa.so.app/dog.fa.so.app.MainActivity -S -a android.intent.action.MAIN -c android.intent.category.LAUNCHER -f 0x10200000'
[debug] &amp#27;[35m[ADB]&amp#27;[39m Waiting up to 20000ms for activity matching pkg: 'dog.fa.so.app' and activity: 'dog.fa.so.app.MainActivity' to be focused
[debug] &amp#27;[35m[ADB]&amp#27;[39m Possible activities, to be checked: 'dog.fa.so.app.MainActivity', 'dog.fa.so.app.dog.fa.so.app.MainActivity'
[debug] &amp#27;[35m[ADB]&amp#27;[39m Getting focused package and activity
[debug] &amp#27;[35m[ADB]&amp#27;[39m Running '/Users/kamaljhinjer/Library/Android/sdk/platform-tools/adb -P 5037 -s emulator-5554 shell dumpsys window displays'
[debug] &amp#27;[35m[ADB]&amp#27;[39m Found package: 'dog.fa.so.app' and fully qualified activity name : 'dog.fa.so.app.MainActivity'
[debug] &amp#27;[35m[WD Proxy]&amp#27;[39m Proxying [GET /appium/device/pixel_ratio] to [GET http://127.0.0.1:8209/wd/hub/session/1c98a672-d9d0-461a-bb3a-f2e92b7b44d5/appium/device/pixel_ratio] with no body
[debug] &amp#27;[35m[WD Proxy]&amp#27;[39m Got response with status 200: {"sessionId":"1c98a672-d9d0-461a-bb3a-f2e92b7b44d5","value":3.5}
[debug] &amp#27;[35m[WD Proxy]&amp#27;[39m Matched '/appium/device/system_bars' to command name 'getSystemBars'
[debug] &amp#27;[35m[WD Proxy]&amp#27;[39m Proxying [GET /appium/device/system_bars] to [GET http://127.0.0.1:8209/wd/hub/session/1c98a672-d9d0-461a-bb3a-f2e92b7b44d5/appium/device/system_bars] with no body
[debug] &amp#27;[35m[WD Proxy]&amp#27;[39m Got response with status 200: {"sessionId":"1c98a672-d9d0-461a-bb3a-f2e92b7b44d5","value":{"statusBar":98}}
[debug] &amp#27;[35m[WD Proxy]&amp#27;[39m Matched '/window/current/size' to command name 'getWindowSize'
[debug] &amp#27;[35m[WD Proxy]&amp#27;[39m Proxying [GET /window/current/size] to [GET http://127.0.0.1:8209/wd/hub/session/1c98a672-d9d0-461a-bb3a-f2e92b7b44d5/window/current/size] with no body
[debug] &amp#27;[35m[WD Proxy]&amp#27;[39m Got response with status 200: {"sessionId":"1c98a672-d9d0-461a-bb3a-f2e92b7b44d5","value":{"height":2712,"width":1440}}
&amp#27;[35m[Appium]&amp#27;[39m New AndroidUiautomator2Driver session created successfully, session dbeb26db-cd3e-4699-a7a4-f9d109b655a2 added to master session list
[debug] &amp#27;[35m[BaseDriver]&amp#27;[39m Event 'newSessionStarted' logged at 1654620833263 (22:23:53 GMT+0530 (India Standard Time))
[debug] &amp#27;[35m[W3C (dbeb26db)]&amp#27;[39m Cached the protocol value 'W3C' for the new session dbeb26db-cd3e-4699-a7a4-f9d109b655a2
[debug] &amp#27;[35m[W3C (dbeb26db)]&amp#27;[39m Responding to client with driver.createSession() result: {"capabilities":{"platform":"LINUX","webStorageEnabled":false,"takesScreenshot":true,"javascriptEnabled":true,"databaseEnabled":false,"networkConnectionEnabled":true,"locationContextEnabled":false,"warnings":{},"desired":{"platformName":"android","app":"/Users/kamaljhinjer/Documents/Mac_Coding/AndroidAutomation/src/sofadog-debug-services-4.5.3-2.apk","automationName":"uiautomator2","chromedriverExecutable":"/Users/kamaljhinjer/Documents/Mac_Coding/AndroidAutomation/src/chromedriver/chromedriver","deviceName":"Emulator_Pixel2XL","newCommandTimeout":180},"platformName":"android","app":"/Users/kamaljhinjer/Documents/Mac_Coding/AndroidAutomation/src/sofadog-debug-services-4.5.3-2.apk","automationName":"uiautomator2","chromedriverExecutable":"/Users/kamaljhinjer/Documents/Mac_Coding/AndroidAutomation/src/chromedriver/chromedriver","deviceName":"emulator-5554","newCommandTimeout":180,"deviceUDID":"emulator-5554","appPackage":"dog.fa.so.app","deviceApiLevel":31,"platformVersion":"12","deviceScreenSize":"1440x2880...
&amp#27;[35m[HTTP]&amp#27;[39m &amp#27;[37m<-- POST /wd/hub/session &amp#27;[39m&amp#27;[32m200&amp#27;[39m &amp#27;[90m13138 ms - 1275&amp#27;[39m
&amp#27;[35m[HTTP]&amp#27;[39m &amp#27;[90m&amp#27;[39m
Executing Before Method, Starting Test
&amp#27;[35m[HTTP]&amp#27;[39m &amp#27;[37m-->&amp#27;[39m &amp#27;[37mPOST&amp#27;[39m &amp#27;[37m/wd/hub/session/dbeb26db-cd3e-4699-a7a4-f9d109b655a2/timeouts&amp#27;[39m
&amp#27;[35m[HTTP]&amp#27;[39m &amp#27;[90m{"implicit":15000}&amp#27;[39m
[debug] &amp#27;[35m[W3C (dbeb26db)]&amp#27;[39m Calling AppiumDriver.timeouts() with args: [null,null,null,null,15000,"dbeb26db-cd3e-4699-a7a4-f9d109b655a2"]
[debug] &amp#27;[35m[BaseDriver]&amp#27;[39m W3C timeout argument: {"implicit":15000}}
[debug] &amp#27;[35m[BaseDriver]&amp#27;[39m Set implicit wait to 15000ms
[debug] &amp#27;[35m[W3C (dbeb26db)]&amp#27;[39m Responding to client with driver.timeouts() result: null
&amp#27;[35m[HTTP]&amp#27;[39m &amp#27;[37m<-- POST /wd/hub/session/dbeb26db-cd3e-4699-a7a4-f9d109b655a2/timeouts &amp#27;[39m&amp#27;[32m200&amp#27;[39m &amp#27;[90m5 ms - 14&amp#27;[39m
&amp#27;[35m[HTTP]&amp#27;[39m &amp#27;[90m&amp#27;[39m
Wait for application to load
swipeScreen() Method : dir: 'LEFT'
&amp#27;[35m[HTTP]&amp#27;[39m &amp#27;[37m-->&amp#27;[39m &amp#27;[37mGET&amp#27;[39m &amp#27;[37m/wd/hub/session/dbeb26db-cd3e-4699-a7a4-f9d109b655a2/window/rect&amp#27;[39m
&amp#27;[35m[HTTP]&amp#27;[39m &amp#27;[90m{}&amp#27;[39m
[debug] &amp#27;[35m[W3C (dbeb26db)]&amp#27;[39m Calling AppiumDriver.getWindowRect() with args: ["dbeb26db-cd3e-4699-a7a4-f9d109b655a2"]
[debug] &amp#27;[35m[WD Proxy]&amp#27;[39m Matched '/window/current/size' to command name 'getWindowSize'
[debug] &amp#27;[35m[WD Proxy]&amp#27;[39m Proxying [GET /window/current/size] to [GET http://127.0.0.1:8209/wd/hub/session/1c98a672-d9d0-461a-bb3a-f2e92b7b44d5/window/current/size] with no body
[debug] &amp#27;[35m[WD Proxy]&amp#27;[39m Got response with status 200: {"sessionId":"1c98a672-d9d0-461a-bb3a-f2e92b7b44d5","value":{"height":2712,"width":1440}}
[debug] &amp#27;[35m[W3C (dbeb26db)]&amp#27;[39m Responding to client with driver.getWindowRect() result: {"width":1440,"height":2712,"x":0,"y":0}
&amp#27;[35m[HTTP]&amp#27;[39m &amp#27;[37m<-- GET /wd/hub/session/dbeb26db-cd3e-4699-a7a4-f9d109b655a2/window/rect &amp#27;[39m&amp#27;[32m200&amp#27;[39m &amp#27;[90m14 ms - 50&amp#27;[39m
&amp#27;[35m[HTTP]&amp#27;[39m &amp#27;[90m&amp#27;[39m
The Screen Width is : 1440
&amp#27;[35m[HTTP]&amp#27;[39m &amp#27;[37m-->&amp#27;[39m &amp#27;[37mPOST&amp#27;[39m &amp#27;[37m/wd/hub/session/dbeb26db-cd3e-4699-a7a4-f9d109b655a2/touch/perform&amp#27;[39m
&amp#27;[35m[HTTP]&amp#27;[39m &amp#27;[90m{"actions":[{"action":"press","options":{"x":1400,"y":1356}},{"action":"wait","options":{"ms":200}},{"action":"moveTo","options":{"x":10,"y":1356}},{"action":"release","options":{}}]}&amp#27;[39m
[debug] &amp#27;[35m[W3C (dbeb26db)]&amp#27;[39m Calling AppiumDriver.performTouch() with args: [[{"action":"press","options":{"x":1400,"y":1356}},{"action":"wait","options":{"ms":200}},{"action":"moveTo","options":{"x":10,"y":1356}},{"action":"release","options":{}}],"dbeb26db-cd3e-4699-a7a4-f9d109b655a2"]
[debug] &amp#27;[35m[WD Proxy]&amp#27;[39m Matched '/touch/perform' to command name 'performTouch'
[debug] &amp#27;[35m[WD Proxy]&amp#27;[39m Proxying [POST /touch/perform] to [POST http://127.0.0.1:8209/wd/hub/session/1c98a672-d9d0-461a-bb3a-f2e92b7b44d5/touch/perform] with body: {"startX":1400,"startY":1356,"endX":10,"endY":1356,"steps":6}
[debug] &amp#27;[35m[WD Proxy]&amp#27;[39m Got response with status 200: {"sessionId":"1c98a672-d9d0-461a-bb3a-f2e92b7b44d5","value":null}
[debug] &amp#27;[35m[W3C (dbeb26db)]&amp#27;[39m Responding to client with driver.performTouch() result: null
&amp#27;[35m[HTTP]&amp#27;[39m &amp#27;[37m<-- POST /wd/hub/session/dbeb26db-cd3e-4699-a7a4-f9d109b655a2/touch/perform &amp#27;[39m&amp#27;[32m200&amp#27;[39m &amp#27;[90m1382 ms - 14&amp#27;[39m
&amp#27;[35m[HTTP]&amp#27;[39m &amp#27;[90m&amp#27;[39m
1st Widget Swipe Executed
swipeScreen() Method : dir: 'LEFT'
&amp#27;[35m[HTTP]&amp#27;[39m &amp#27;[37m-->&amp#27;[39m &amp#27;[37mGET&amp#27;[39m &amp#27;[37m/wd/hub/session/dbeb26db-cd3e-4699-a7a4-f9d109b655a2/window/rect&amp#27;[39m
&amp#27;[35m[HTTP]&amp#27;[39m &amp#27;[90m{}&amp#27;[39m
[debug] &amp#27;[35m[W3C (dbeb26db)]&amp#27;[39m Calling AppiumDriver.getWindowRect() with args: ["dbeb26db-cd3e-4699-a7a4-f9d109b655a2"]
[debug] &amp#27;[35m[WD Proxy]&amp#27;[39m Matched '/window/current/size' to command name 'getWindowSize'
[debug] &amp#27;[35m[WD Proxy]&amp#27;[39m Proxying [GET /window/current/size] to [GET http://127.0.0.1:8209/wd/hub/session/1c98a672-d9d0-461a-bb3a-f2e92b7b44d5/window/current/size] with no body
[debug] &amp#27;[35m[WD Proxy]&amp#27;[39m Got response with status 200: {"sessionId":"1c98a672-d9d0-461a-bb3a-f2e92b7b44d5","value":{"height":2712,"width":1440}}
[debug] &amp#27;[35m[W3C (dbeb26db)]&amp#27;[39m Responding to client with driver.getWindowRect() result: {"width":1440,"height":2712,"x":0,"y":0}
&amp#27;[35m[HTTP]&amp#27;[39m &amp#27;[37m<-- GET /wd/hub/session/dbeb26db-cd3e-4699-a7a4-f9d109b655a2/window/rect &amp#27;[39m&amp#27;[32m200&amp#27;[39m &amp#27;[90m38 ms - 50&amp#27;[39m
&amp#27;[35m[HTTP]&amp#27;[39m &amp#27;[90m&amp#27;[39m
The Screen Width is : 1440
&amp#27;[35m[HTTP]&amp#27;[39m &amp#27;[37m-->&amp#27;[39m &amp#27;[37mPOST&amp#27;[39m &amp#27;[37m/wd/hub/session/dbeb26db-cd3e-4699-a7a4-f9d109b655a2/touch/perform&amp#27;[39m
&amp#27;[35m[HTTP]&amp#27;[39m &amp#27;[90m{"actions":[{"action":"press","options":{"x":1400,"y":1356}},{"action":"wait","options":{"ms":200}},{"action":"moveTo","options":{"x":10,"y":1356}},{"action":"release","options":{}}]}&amp#27;[39m
[debug] &amp#27;[35m[W3C (dbeb26db)]&amp#27;[39m Calling AppiumDriver.performTouch() with args: [[{"action":"press","options":{"x":1400,"y":1356}},{"action":"wait","options":{"ms":200}},{"action":"moveTo","options":{"x":10,"y":1356}},{"action":"release","options":{}}],"dbeb26db-cd3e-4699-a7a4-f9d109b655a2"]
[debug] &amp#27;[35m[WD Proxy]&amp#27;[39m Matched '/touch/perform' to command name 'performTouch'
[debug] &amp#27;[35m[WD Proxy]&amp#27;[39m Proxying [POST /touch/perform] to [POST http://127.0.0.1:8209/wd/hub/session/1c98a672-d9d0-461a-bb3a-f2e92b7b44d5/touch/perform] with body: {"startX":1400,"startY":1356,"endX":10,"endY":1356,"steps":6}
[debug] &amp#27;[35m[WD Proxy]&amp#27;[39m Got response with status 200: {"sessionId":"1c98a672-d9d0-461a-bb3a-f2e92b7b44d5","value":null}
[debug] &amp#27;[35m[W3C (dbeb26db)]&amp#27;[39m Responding to client with driver.performTouch() result: null
&amp#27;[35m[HTTP]&amp#27;[39m &amp#27;[37m<-- POST /wd/hub/session/dbeb26db-cd3e-4699-a7a4-f9d109b655a2/touch/perform &amp#27;[39m&amp#27;[32m200&amp#27;[39m &amp#27;[90m1324 ms - 14&amp#27;[39m
&amp#27;[35m[HTTP]&amp#27;[39m &amp#27;[90m&amp#27;[39m
2nd Widget Swipe Executed
swipeScreen() Method : dir: 'LEFT'
[...]
[debug] &amp#27;[35m[W3C]&amp#27;[39m Matched W3C error code 'no such element' to NoSuchElementError
[debug] &amp#27;[35m[BaseDriver]&amp#27;[39m Waited for 9091 ms so far
[debug] &amp#27;[35m[WD Proxy]&amp#27;[39m Matched '/element' to command name 'findElement'
[debug] &amp#27;[35m[WD Proxy]&amp#27;[39m Proxying [POST /element] to [POST http://127.0.0.1:8212/wd/hub/session/97357a72-38c2-4815-ae0f-e03616fb079e/element] with body: {"strategy":"xpath","selector":"//android.widget.TextView[@text='Maybe later']","context":"","multiple":false}
&amp#27;[35m[WD Proxy]&amp#27;[39m Got response with status 404: {"sessionId":"97357a72-38c2-4815-ae0f-e03616fb079e","value":{"error":"no such element","message":"An element could not be located on the page using the given search parameters","stacktrace":"io.appium.uiautomator2.common.exceptions.ElementNotFoundException: An element could not be located on the page using the given search parameters\n\tat io.appium.uiautomator2.handler.FindElement.findElement(FindElement.java:90)\n\tat io.appium.uiautomator2.handler.FindElement.safeHandle(FindElement.java:67)\n\tat io.appium.uiautomator2.handler.request.SafeRequestHandler.handle(SafeRequestHandler.java:59)\n\tat io.appium.uiautomator2.server.AppiumServlet.handleRequest(AppiumServlet.java:266)\n\tat io.appium.uiautomator2.server.AppiumServlet.handleHttpRequest(AppiumServlet.java:260)\n\tat io.appium.uiautomator2.http.ServerHandler.channelRead(ServerHandler.java:68)\n\tat io.netty.channel.AbstractChannelHandlerContext.invokeChannelRead(AbstractChannelHandlerContext.java:366)\n\tat io.netty.channel.AbstractChannelHandlerCont...
[debug] &amp#27;[35m[W3C]&amp#27;[39m Matched W3C error code 'no such element' to NoSuchElementError
[debug] &amp#27;[35m[BaseDriver]&amp#27;[39m Waited for 9665 ms so far
[debug] &amp#27;[35m[WD Proxy]&amp#27;[39m Matched '/element' to command name 'findElement'
[debug] &amp#27;[35m[WD Proxy]&amp#27;[39m Proxying [POST /element] to [POST http://127.0.0.1:8212/wd/hub/session/97357a72-38c2-4815-ae0f-e03616fb079e/element] with body: {"strategy":"xpath","selector":"//android.widget.TextView[@text='Maybe later']","context":"","multiple":false}
&amp#27;[35m[WD Proxy]&amp#27;[39m Got response with status 404: {"sessionId":"97357a72-38c2-4815-ae0f-e03616fb079e","value":{"error":"no such element","message":"An element could not be located on the page using the given search parameters","stacktrace":"io.appium.uiautomator2.common.exceptions.ElementNotFoundException: An element could not be located on the page using the given search parameters\n\tat io.appium.uiautomator2.handler.FindElement.findElement(FindElement.java:90)\n\tat io.appium.uiautomator2.handler.FindElement.safeHandle(FindElement.java:67)\n\tat io.appium.uiautomator2.handler.request.SafeRequestHandler.handle(SafeRequestHandler.java:59)\n\tat io.appium.uiautomator2.server.AppiumServlet.handleRequest(AppiumServlet.java:266)\n\tat io.appium.uiautomator2.server.AppiumServlet.handleHttpRequest(AppiumServlet.java:260)\n\tat io.appium.uiautomator2.http.ServerHandler.channelRead(ServerHandler.java:68)\n\tat io.netty.channel.AbstractChannelHandlerContext.invokeChannelRead(AbstractChannelHandlerContext.java:366)\n\tat io.netty.channel.AbstractChannelHandlerCont...
[debug] &amp#27;[35m[W3C]&amp#27;[39m Matched W3C error code 'no such element' to NoSuchElementError
[debug] &amp#27;[35m[BaseDriver]&amp#27;[39m Waited for 10253 ms so far
[debug] &amp#27;[35m[WD Proxy]&amp#27;[39m Matched '/element' to command name 'findElement'
[debug] &amp#27;[35m[WD Proxy]&amp#27;[39m Proxying [POST /element] to [POST http://127.0.0.1:8212/wd/hub/session/97357a72-38c2-4815-ae0f-e03616fb079e/element] with body: {"strategy":"xpath","selector":"//android.widget.TextView[@text='Maybe later']","context":"","multiple":false}
&amp#27;[35m[WD Proxy]&amp#27;[39m Got response with status 404: {"sessionId":"97357a72-38c2-4815-ae0f-e03616fb079e","value":{"error":"no such element","message":"An element could not be located on the page using the given search parameters","stacktrace":"io.appium.uiautomator2.common.exceptions.ElementNotFoundException: An element could not be located on the page using the given search parameters\n\tat io.appium.uiautomator2.handler.FindElement.findElement(FindElement.java:90)\n\tat io.appium.uiautomator2.handler.FindElement.safeHandle(FindElement.java:67)\n\tat io.appium.uiautomator2.handler.request.SafeRequestHandler.handle(SafeRequestHandler.java:59)\n\tat io.appium.uiautomator2.server.AppiumServlet.handleRequest(AppiumServlet.java:266)\n\tat io.appium.uiautomator2.server.AppiumServlet.handleHttpRequest(AppiumServlet.java:260)\n\tat io.appium.uiautomator2.http.ServerHandler.channelRead(ServerHandler.java:68)\n\tat io.netty.channel.AbstractChannelHandlerContext.invokeChannelRead(AbstractChannelHandlerContext.java:366)\n\tat io.netty.channel.AbstractChannelHandlerCont...
[debug] &amp#27;[35m[W3C]&amp#27;[39m Matched W3C error code 'no such element' to NoSuchElementError
[debug] &amp#27;[35m[BaseDriver]&amp#27;[39m Waited for 10824 ms so far
[debug] &amp#27;[35m[WD Proxy]&amp#27;[39m Matched '/element' to command name 'findElement'
[debug] &amp#27;[35m[WD Proxy]&amp#27;[39m Proxying [POST /element] to [POST http://127.0.0.1:8212/wd/hub/session/97357a72-38c2-4815-ae0f-e03616fb079e/element] with body: {"strategy":"xpath","selector":"//android.widget.TextView[@text='Maybe later']","context":"","multiple":false}
&amp#27;[35m[WD Proxy]&amp#27;[39m Got response with status 404: {"sessionId":"97357a72-38c2-4815-ae0f-e03616fb079e","value":{"error":"no such element","message":"An element could not be located on the page using the given search parameters","stacktrace":"io.appium.uiautomator2.common.exceptions.ElementNotFoundException: An element could not be located on the page using the given search parameters\n\tat io.appium.uiautomator2.handler.FindElement.findElement(FindElement.java:90)\n\tat io.appium.uiautomator2.handler.FindElement.safeHandle(FindElement.java:67)\n\tat io.appium.uiautomator2.handler.request.SafeRequestHandler.handle(SafeRequestHandler.java:59)\n\tat io.appium.uiautomator2.server.AppiumServlet.handleRequest(AppiumServlet.java:266)\n\tat io.appium.uiautomator2.server.AppiumServlet.handleHttpRequest(AppiumServlet.java:260)\n\tat io.appium.uiautomator2.http.ServerHandler.channelRead(ServerHandler.java:68)\n\tat io.netty.channel.AbstractChannelHandlerContext.invokeChannelRead(AbstractChannelHandlerContext.java:366)\n\tat io.netty.channel.AbstractChannelHandlerCont...
[debug] &amp#27;[35m[W3C]&amp#27;[39m Matched W3C error code 'no such element' to NoSuchElementError
[debug] &amp#27;[35m[BaseDriver]&amp#27;[39m Waited for 11397 ms so far
[debug] &amp#27;[35m[WD Proxy]&amp#27;[39m Matched '/element' to command name 'findElement'
[debug] &amp#27;[35m[WD Proxy]&amp#27;[39m Proxying [POST /element] to [POST http://127.0.0.1:8212/wd/hub/session/97357a72-38c2-4815-ae0f-e03616fb079e/element] with body: {"strategy":"xpath","selector":"//android.widget.TextView[@text='Maybe later']","context":"","multiple":false}
&amp#27;[35m[WD Proxy]&amp#27;[39m Got response with status 404: {"sessionId":"97357a72-38c2-4815-ae0f-e03616fb079e","value":{"error":"no such element","message":"An element could not be located on the page using the given search parameters","stacktrace":"io.appium.uiautomator2.common.exceptions.ElementNotFoundException: An element could not be located on the page using the given search parameters\n\tat io.appium.uiautomator2.handler.FindElement.findElement(FindElement.java:90)\n\tat io.appium.uiautomator2.handler.FindElement.safeHandle(FindElement.java:67)\n\tat io.appium.uiautomator2.handler.request.SafeRequestHandler.handle(SafeRequestHandler.java:59)\n\tat io.appium.uiautomator2.server.AppiumServlet.handleRequest(AppiumServlet.java:266)\n\tat io.appium.uiautomator2.server.AppiumServlet.handleHttpRequest(AppiumServlet.java:260)\n\tat io.appium.uiautomator2.http.ServerHandler.channelRead(ServerHandler.java:68)\n\tat io.netty.channel.AbstractChannelHandlerContext.invokeChannelRead(AbstractChannelHandlerContext.java:366)\n\tat io.netty.channel.AbstractChannelHandlerCont...
[debug] &amp#27;[35m[W3C]&amp#27;[39m Matched W3C error code 'no such element' to NoSuchElementError
[debug] &amp#27;[35m[BaseDriver]&amp#27;[39m Waited for 11965 ms so far
[debug] &amp#27;[35m[WD Proxy]&amp#27;[39m Matched '/element' to command name 'findElement'
[debug] &amp#27;[35m[WD Proxy]&amp#27;[39m Proxying [POST /element] to [POST http://127.0.0.1:8212/wd/hub/session/97357a72-38c2-4815-ae0f-e03616fb079e/element] with body: {"strategy":"xpath","selector":"//android.widget.TextView[@text='Maybe later']","context":"","multiple":false}
&amp#27;[35m[WD Proxy]&amp#27;[39m Got response with status 404: {"sessionId":"97357a72-38c2-4815-ae0f-e03616fb079e","value":{"error":"no such element","message":"An element could not be located on the page using the given search parameters","stacktrace":"io.appium.uiautomator2.common.exceptions.ElementNotFoundException: An element could not be located on the page using the given search parameters\n\tat io.appium.uiautomator2.handler.FindElement.findElement(FindElement.java:90)\n\tat io.appium.uiautomator2.handler.FindElement.safeHandle(FindElement.java:67)\n\tat io.appium.uiautomator2.handler.request.SafeRequestHandler.handle(SafeRequestHandler.java:59)\n\tat io.appium.uiautomator2.server.AppiumServlet.handleRequest(AppiumServlet.java:266)\n\tat io.appium.uiautomator2.server.AppiumServlet.handleHttpRequest(AppiumServlet.java:260)\n\tat io.appium.uiautomator2.http.ServerHandler.channelRead(ServerHandler.java:68)\n\tat io.netty.channel.AbstractChannelHandlerContext.invokeChannelRead(AbstractChannelHandlerContext.java:366)\n\tat io.netty.channel.AbstractChannelHandlerCont...
[debug] &amp#27;[35m[W3C]&amp#27;[39m Matched W3C error code 'no such element' to NoSuchElementError
[debug] &amp#27;[35m[BaseDriver]&amp#27;[39m Waited for 12530 ms so far
[debug] &amp#27;[35m[WD Proxy]&amp#27;[39m Matched '/element' to command name 'findElement'
[debug] &amp#27;[35m[WD Proxy]&amp#27;[39m Proxying [POST /element] to [POST http://127.0.0.1:8212/wd/hub/session/97357a72-38c2-4815-ae0f-e03616fb079e/element] with body: {"strategy":"xpath","selector":"//android.widget.TextView[@text='Maybe later']","context":"","multiple":false}
&amp#27;[35m[WD Proxy]&amp#27;[39m Got response with status 404: {"sessionId":"97357a72-38c2-4815-ae0f-e03616fb079e","value":{"error":"no such element","message":"An element could not be located on the page using the given search parameters","stacktrace":"io.appium.uiautomator2.common.exceptions.ElementNotFoundException: An element could not be located on the page using the given search parameters\n\tat io.appium.uiautomator2.handler.FindElement.findElement(FindElement.java:90)\n\tat io.appium.uiautomator2.handler.FindElement.safeHandle(FindElement.java:67)\n\tat io.appium.uiautomator2.handler.request.SafeRequestHandler.handle(SafeRequestHandler.java:59)\n\tat io.appium.uiautomator2.server.AppiumServlet.handleRequest(AppiumServlet.java:266)\n\tat io.appium.uiautomator2.server.AppiumServlet.handleHttpRequest(AppiumServlet.java:260)\n\tat io.appium.uiautomator2.http.ServerHandler.channelRead(ServerHandler.java:68)\n\tat io.netty.channel.AbstractChannelHandlerContext.invokeChannelRead(AbstractChannelHandlerContext.java:366)\n\tat io.netty.channel.AbstractChannelHandlerCont...
[debug] &amp#27;[35m[W3C]&amp#27;[39m Matched W3C error code 'no such element' to NoSuchElementError
[debug] &amp#27;[35m[BaseDriver]&amp#27;[39m Waited for 13093 ms so far
[debug] &amp#27;[35m[WD Proxy]&amp#27;[39m Matched '/element' to command name 'findElement'
[debug] &amp#27;[35m[WD Proxy]&amp#27;[39m Proxying [POST /element] to [POST http://127.0.0.1:8212/wd/hub/session/97357a72-38c2-4815-ae0f-e03616fb079e/element] with body: {"strategy":"xpath","selector":"//android.widget.TextView[@text='Maybe later']","context":"","multiple":false}
&amp#27;[35m[WD Proxy]&amp#27;[39m Got response with status 404: {"sessionId":"97357a72-38c2-4815-ae0f-e03616fb079e","value":{"error":"no such element","message":"An element could not be located on the page using the given search parameters","stacktrace":"io.appium.uiautomator2.common.exceptions.ElementNotFoundException: An element could not be located on the page using the given search parameters\n\tat io.appium.uiautomator2.handler.FindElement.findElement(FindElement.java:90)\n\tat io.appium.uiautomator2.handler.FindElement.safeHandle(FindElement.java:67)\n\tat io.appium.uiautomator2.handler.request.SafeRequestHandler.handle(SafeRequestHandler.java:59)\n\tat io.appium.uiautomator2.server.AppiumServlet.handleRequest(AppiumServlet.java:266)\n\tat io.appium.uiautomator2.server.AppiumServlet.handleHttpRequest(AppiumServlet.java:260)\n\tat io.appium.uiautomator2.http.ServerHandler.channelRead(ServerHandler.java:68)\n\tat io.netty.channel.AbstractChannelHandlerContext.invokeChannelRead(AbstractChannelHandlerContext.java:366)\n\tat io.netty.channel.AbstractChannelHandlerCont...
[debug] &amp#27;[35m[W3C]&amp#27;[39m Matched W3C error code 'no such element' to NoSuchElementError
[debug] &amp#27;[35m[BaseDriver]&amp#27;[39m Waited for 13646 ms so far
[debug] &amp#27;[35m[WD Proxy]&amp#27;[39m Matched '/element' to command name 'findElement'
[debug] &amp#27;[35m[WD Proxy]&amp#27;[39m Proxying [POST /element] to [POST http://127.0.0.1:8212/wd/hub/session/97357a72-38c2-4815-ae0f-e03616fb079e/element] with body: {"strategy":"xpath","selector":"//android.widget.TextView[@text='Maybe later']","context":"","multiple":false}
&amp#27;[35m[WD Proxy]&amp#27;[39m Got response with status 404: {"sessionId":"97357a72-38c2-4815-ae0f-e03616fb079e","value":{"error":"no such element","message":"An element could not be located on the page using the given search parameters","stacktrace":"io.appium.uiautomator2.common.exceptions.ElementNotFoundException: An element could not be located on the page using the given search parameters\n\tat io.appium.uiautomator2.handler.FindElement.findElement(FindElement.java:90)\n\tat io.appium.uiautomator2.handler.FindElement.safeHandle(FindElement.java:67)\n\tat io.appium.uiautomator2.handler.request.SafeRequestHandler.handle(SafeRequestHandler.java:59)\n\tat io.appium.uiautomator2.server.AppiumServlet.handleRequest(AppiumServlet.java:266)\n\tat io.appium.uiautomator2.server.AppiumServlet.handleHttpRequest(AppiumServlet.java:260)\n\tat io.appium.uiautomator2.http.ServerHandler.channelRead(ServerHandler.java:68)\n\tat io.netty.channel.AbstractChannelHandlerContext.invokeChannelRead(AbstractChannelHandlerContext.java:366)\n\tat io.netty.channel.AbstractChannelHandlerCont...
[debug] &amp#27;[35m[W3C]&amp#27;[39m Matched W3C error code 'no such element' to NoSuchElementError
[debug] &amp#27;[35m[BaseDriver]&amp#27;[39m Waited for 14229 ms so far
[debug] &amp#27;[35m[WD Proxy]&amp#27;[39m Matched '/element' to command name 'findElement'
[debug] &amp#27;[35m[WD Proxy]&amp#27;[39m Proxying [POST /element] to [POST http://127.0.0.1:8212/wd/hub/session/97357a72-38c2-4815-ae0f-e03616fb079e/element] with body: {"strategy":"xpath","selector":"//android.widget.TextView[@text='Maybe later']","context":"","multiple":false}
&amp#27;[35m[WD Proxy]&amp#27;[39m Got response with status 404: {"sessionId":"97357a72-38c2-4815-ae0f-e03616fb079e","value":{"error":"no such element","message":"An element could not be located on the page using the given search parameters","stacktrace":"io.appium.uiautomator2.common.exceptions.ElementNotFoundException: An element could not be located on the page using the given search parameters\n\tat io.appium.uiautomator2.handler.FindElement.findElement(FindElement.java:90)\n\tat io.appium.uiautomator2.handler.FindElement.safeHandle(FindElement.java:67)\n\tat io.appium.uiautomator2.handler.request.SafeRequestHandler.handle(SafeRequestHandler.java:59)\n\tat io.appium.uiautomator2.server.AppiumServlet.handleRequest(AppiumServlet.java:266)\n\tat io.appium.uiautomator2.server.AppiumServlet.handleHttpRequest(AppiumServlet.java:260)\n\tat io.appium.uiautomator2.http.ServerHandler.channelRead(ServerHandler.java:68)\n\tat io.netty.channel.AbstractChannelHandlerContext.invokeChannelRead(AbstractChannelHandlerContext.java:366)\n\tat io.netty.channel.AbstractChannelHandlerCont...
[debug] &amp#27;[35m[W3C]&amp#27;[39m Matched W3C error code 'no such element' to NoSuchElementError
[debug] &amp#27;[35m[BaseDriver]&amp#27;[39m Waited for 14799 ms so far
[debug] &amp#27;[35m[WD Proxy]&amp#27;[39m Matched '/element' to command name 'findElement'
[debug] &amp#27;[35m[WD Proxy]&amp#27;[39m Proxying [POST /element] to [POST http://127.0.0.1:8212/wd/hub/session/97357a72-38c2-4815-ae0f-e03616fb079e/element] with body: {"strategy":"xpath","selector":"//android.widget.TextView[@text='Maybe later']","context":"","multiple":false}
&amp#27;[35m[WD Proxy]&amp#27;[39m Got response with status 404: {"sessionId":"97357a72-38c2-4815-ae0f-e03616fb079e","value":{"error":"no such element","message":"An element could not be located on the page using the given search parameters","stacktrace":"io.appium.uiautomator2.common.exceptions.ElementNotFoundException: An element could not be located on the page using the given search parameters\n\tat io.appium.uiautomator2.handler.FindElement.findElement(FindElement.java:90)\n\tat io.appium.uiautomator2.handler.FindElement.safeHandle(FindElement.java:67)\n\tat io.appium.uiautomator2.handler.request.SafeRequestHandler.handle(SafeRequestHandler.java:59)\n\tat io.appium.uiautomator2.server.AppiumServlet.handleRequest(AppiumServlet.java:266)\n\tat io.appium.uiautomator2.server.AppiumServlet.handleHttpRequest(AppiumServlet.java:260)\n\tat io.appium.uiautomator2.http.ServerHandler.channelRead(ServerHandler.java:68)\n\tat io.netty.channel.AbstractChannelHandlerContext.invokeChannelRead(AbstractChannelHandlerContext.java:366)\n\tat io.netty.channel.AbstractChannelHandlerCont...
[debug] &amp#27;[35m[W3C]&amp#27;[39m Matched W3C error code 'no such element' to NoSuchElementError
[debug] &amp#27;[35m[W3C (45710c49)]&amp#27;[39m Encountered internal error running command: NoSuchElementError: An element could not be located on the page using the given search parameters.
[debug] &amp#27;[35m[W3C (45710c49)]&amp#27;[39m     at AndroidUiautomator2Driver.findElOrEls (/usr/local/lib/node_modules/appium/node_modules/appium-android-driver/lib/commands/find.js:75:11)
[debug] &amp#27;[35m[W3C (45710c49)]&amp#27;[39m     at runMicrotasks (<anonymous>)
[debug] &amp#27;[35m[W3C (45710c49)]&amp#27;[39m     at processTicksAndRejections (internal/process/task_queues.js:97:5)
&amp#27;[35m[HTTP]&amp#27;[39m &amp#27;[37m<-- POST /wd/hub/session/45710c49-6781-4b19-bd98-e9f2b7055747/element &amp#27;[39m&amp#27;[33m404&amp#27;[39m &amp#27;[90m15063 ms - 496&amp#27;[39m
&amp#27;[35m[HTTP]&amp#27;[39m &amp#27;[90m&amp#27;[39m
]]></system-out>
    <system-err><![CDATA[Jun 07, 2022 10:36:44 PM io.appium.java_client.remote.AppiumCommandExecutor$1 lambda$0
INFO: Detected dialect: W3C
]]></system-err>
  </testcase>
</testsuite>