<?xml version="1.0" encoding="UTF-8"?>
<testng-results ignored="0" total="1" passed="1" failed="0" skipped="0">
  <reporter-output>
  </reporter-output>
  <suite started-at="2022-08-12T11:16:55 IST" name="Default suite" finished-at="2022-08-12T11:17:47 IST" duration-ms="52114">
    <groups>
    </groups>
    <test started-at="2022-08-12T11:16:55 IST" name="Default test" finished-at="2022-08-12T11:17:47 IST" duration-ms="52114">
      <class name="Memberse.AndroidAutomation.aEmailFormValidationTest">
        <test-method is-config="true" signature="startService()[pri:0, instance:Memberse.AndroidAutomation.aEmailFormValidationTest@3059cbc]" started-at="2022-08-12T11:16:55 IST" name="startService" finished-at="2022-08-12T11:16:55 IST" duration-ms="23" status="PASS">
          <reporter-output>
          </reporter-output>
        </test-method> <!-- startService -->
        <test-method is-config="true" signature="startDriver()[pri:0, instance:Memberse.AndroidAutomation.aEmailFormValidationTest@3059cbc]" started-at="2022-08-12T11:16:55 IST" name="startDriver" finished-at="2022-08-12T11:17:29 IST" duration-ms="34203" status="PASS">
          <reporter-output>
          </reporter-output>
        </test-method> <!-- startDriver -->
        <test-method is-config="true" signature="beforeMethod()[pri:0, instance:Memberse.AndroidAutomation.aEmailFormValidationTest@3059cbc]" started-at="2022-08-12T11:17:29 IST" name="beforeMethod" finished-at="2022-08-12T11:17:29 IST" duration-ms="0" status="PASS">
          <reporter-output>
          </reporter-output>
        </test-method> <!-- beforeMethod -->
        <test-method signature="aEmailFormValidationTestCase()[pri:0, instance:Memberse.AndroidAutomation.aEmailFormValidationTest@3059cbc]" started-at="2022-08-12T11:17:29 IST" name="aEmailFormValidationTestCase" finished-at="2022-08-12T11:17:46 IST" duration-ms="16589" status="PASS">
          <reporter-output>
          </reporter-output>
        </test-method> <!-- aEmailFormValidationTestCase -->
        <test-method is-config="true" signature="afterMethod()[pri:0, instance:Memberse.AndroidAutomation.aEmailFormValidationTest@3059cbc]" started-at="2022-08-12T11:17:46 IST" name="afterMethod" finished-at="2022-08-12T11:17:46 IST" duration-ms="1" status="PASS">
          <reporter-output>
          </reporter-output>
        </test-method> <!-- afterMethod -->
        <test-method is-config="true" signature="quitDriver()[pri:0, instance:Memberse.AndroidAutomation.aEmailFormValidationTest@3059cbc]" started-at="2022-08-12T11:17:46 IST" name="quitDriver" finished-at="2022-08-12T11:17:47 IST" duration-ms="1257" status="PASS">
          <reporter-output>
          </reporter-output>
        </test-method> <!-- quitDriver -->
        <test-method is-config="true" signature="stopService()[pri:0, instance:Memberse.AndroidAutomation.aEmailFormValidationTest@3059cbc]" started-at="2022-08-12T11:17:47 IST" name="stopService" finished-at="2022-08-12T11:17:47 IST" duration-ms="1" status="PASS">
          <reporter-output>
          </reporter-output>
        </test-method> <!-- stopService -->
      </class> <!-- Memberse.AndroidAutomation.aEmailFormValidationTest -->
    </test> <!-- Default test -->
  </suite> <!-- Default suite -->
</testng-results>
